{"/Users/macbook/work/ImmoInspect/BDD/ImmoInspectONE/immo-inspect-mobile/app/AppView.js": {"path":"/Users/macbook/work/ImmoInspect/BDD/ImmoInspectONE/immo-inspect-mobile/app/AppView.js","statementMap":{"0":{"start":{"line":1,"column":0},"end":{"line":null,"column":-1}},"1":{"start":{"line":2,"column":0},"end":{"line":null,"column":-1}},"2":{"start":{"line":3,"column":0},"end":{"line":null,"column":-1}},"3":{"start":{"line":4,"column":0},"end":{"line":null,"column":-1}},"4":{"start":{"line":5,"column":0},"end":{"line":null,"column":-1}},"5":{"start":{"line":6,"column":0},"end":{"line":null,"column":-1}},"6":{"start":{"line":8,"column":0},"end":{"line":null,"column":-1}},"7":{"start":{"line":9,"column":0},"end":{"line":null,"column":-1}},"8":{"start":{"line":10,"column":0},"end":{"line":null,"column":-1}},"9":{"start":{"line":11,"column":0},"end":{"line":null,"column":-1}},"10":{"start":{"line":12,"column":0},"end":{"line":null,"column":-1}},"11":{"start":{"line":13,"column":0},"end":{"line":null,"column":-1}},"12":{"start":{"line":14,"column":0},"end":{"line":null,"column":-1}},"13":{"start":{"line":18,"column":20},"end":{"line":null,"column":-1}},"14":{"start":{"line":19,"column":4},"end":{"line":null,"column":-1}},"15":{"start":{"line":27,"column":4},"end":{"line":null,"column":-1}},"16":{"start":{"line":37,"column":4},"end":{"line":39,"column":5}},"17":{"start":{"line":38,"column":6},"end":{"line":null,"column":-1}},"18":{"start":{"line":40,"column":4},"end":{"line":43,"column":5}},"19":{"start":{"line":41,"column":6},"end":{"line":null,"column":-1}},"20":{"start":{"line":42,"column":6},"end":{"line":null,"column":-1}},"21":{"start":{"line":62,"column":4},"end":{"line":null,"column":-1}},"22":{"start":{"line":63,"column":4},"end":{"line":null,"column":-1}},"23":{"start":{"line":64,"column":4},"end":{"line":66,"column":5}},"24":{"start":{"line":65,"column":6},"end":{"line":null,"column":-1}},"25":{"start":{"line":70,"column":4},"end":{"line":null,"column":-1}},"26":{"start":{"line":70,"column":40},"end":{"line":null,"column":-1}},"27":{"start":{"line":71,"column":18},"end":{"line":null,"column":-1}},"28":{"start":{"line":75,"column":4},"end":{"line":null,"column":-1}},"29":{"start":{"line":76,"column":6},"end":{"line":88,"column":7}},"30":{"start":{"line":77,"column":8},"end":{"line":null,"column":-1}},"31":{"start":{"line":78,"column":8},"end":{"line":null,"column":-1}},"32":{"start":{"line":79,"column":8},"end":{"line":null,"column":-1}},"33":{"start":{"line":80,"column":8},"end":{"line":null,"column":-1}},"34":{"start":{"line":82,"column":8},"end":{"line":null,"column":-1}},"35":{"start":{"line":83,"column":8},"end":{"line":null,"column":-1}},"36":{"start":{"line":84,"column":8},"end":{"line":null,"column":-1}},"37":{"start":{"line":85,"column":8},"end":{"line":null,"column":-1}},"38":{"start":{"line":86,"column":8},"end":{"line":null,"column":-1}},"39":{"start":{"line":87,"column":16},"end":{"line":null,"column":-1}},"40":{"start":{"line":93,"column":18},"end":{"line":93,"column":4}},"41":{"start":{"line":94,"column":20},"end":{"line":94,"column":4}},"42":{"start":{"line":95,"column":4},"end":{"line":100,"column":5}},"43":{"start":{"line":96,"column":6},"end":{"line":null,"column":-1}},"44":{"start":{"line":99,"column":6},"end":{"line":null,"column":-1}},"45":{"start":{"line":104,"column":21},"end":{"line":104,"column":4}},"46":{"start":{"line":105,"column":4},"end":{"line":107,"column":5}},"47":{"start":{"line":106,"column":6},"end":{"line":null,"column":-1}},"48":{"start":{"line":111,"column":4},"end":{"line":null,"column":-1}},"49":{"start":{"line":112,"column":4},"end":{"line":null,"column":-1}},"50":{"start":{"line":114,"column":8},"end":{"line":null,"column":-1}},"51":{"start":{"line":115,"column":8},"end":{"line":null,"column":-1}},"52":{"start":{"line":20,"column":4},"end":{"line":null,"column":-1}},"53":{"start":{"line":23,"column":4},"end":{"line":null,"column":-1}},"54":{"start":{"line":31,"column":4},"end":{"line":null,"column":-1}},"55":{"start":{"line":32,"column":4},"end":{"line":null,"column":-1}},"56":{"start":{"line":33,"column":4},"end":{"line":null,"column":-1}},"57":{"start":{"line":47,"column":4},"end":{"line":null,"column":-1}},"58":{"start":{"line":48,"column":4},"end":{"line":null,"column":-1}},"59":{"start":{"line":51,"column":28},"end":{"line":null,"column":-1}},"60":{"start":{"line":52,"column":4},"end":{"line":null,"column":-1}},"61":{"start":{"line":55,"column":6},"end":{"line":null,"column":-1}},"62":{"start":{"line":56,"column":20},"end":{"line":null,"column":-1}},"63":{"start":{"line":57,"column":14},"end":{"line":null,"column":-1}},"64":{"start":{"line":119,"column":11},"end":{"line":null,"column":-1}},"65":{"start":{"line":120,"column":19},"end":{"line":120,"column":4}},"66":{"start":{"line":121,"column":4},"end":{"line":null,"column":-1}},"67":{"start":{"line":138,"column":25},"end":{"line":null,"column":-1}},"68":{"start":{"line":147,"column":24},"end":{"line":147,"column":0}},"69":{"start":{"line":148,"column":2},"end":{"line":null,"column":-1}},"70":{"start":{"line":157,"column":27},"end":{"line":157,"column":0}},"71":{"start":{"line":158,"column":2},"end":{"line":null,"column":-1}},"72":{"start":{"line":159,"column":22},"end":{"line":null,"column":-1}},"73":{"start":{"line":160,"column":20},"end":{"line":null,"column":-1}},"74":{"start":{"line":161,"column":22},"end":{"line":null,"column":-1}},"75":{"start":{"line":162,"column":15},"end":{"line":null,"column":-1}},"76":{"start":{"line":163,"column":19},"end":{"line":null,"column":-1}},"77":{"start":{"line":164,"column":20},"end":{"line":null,"column":-1}},"78":{"start":{"line":165,"column":13},"end":{"line":null,"column":-1}},"79":{"start":{"line":166,"column":37},"end":{"line":null,"column":-1}},"80":{"start":{"line":167,"column":19},"end":{"line":null,"column":-1}},"81":{"start":{"line":171,"column":15},"end":{"line":171,"column":0}}},"fnMap":{"0":{"name":"AppView","decl":{"start":{"line":18,"column":2},"end":{"line":18,"column":13}},"loc":{"start":{"line":18,"column":20},"end":{"line":24,"column":3}}},"1":{"name":"(anonymous_2)","decl":{"start":{"line":26,"column":23},"end":{"line":26,"column":28}},"loc":{"start":{"line":26,"column":29},"end":{"line":18,"column":20}}},"2":{"name":"(anonymous_3)","decl":{"start":{"line":36,"column":30},"end":{"line":36,"column":30}},"loc":{"start":{"line":36,"column":45},"end":{"line":18,"column":20}}},"3":{"name":"(anonymous_4)","decl":{"start":{"line":61,"column":29},"end":{"line":61,"column":29}},"loc":{"start":{"line":61,"column":40},"end":{"line":18,"column":20}}},"4":{"name":"(anonymous_5)","decl":{"start":{"line":69,"column":27},"end":{"line":69,"column":27}},"loc":{"start":{"line":69,"column":38},"end":{"line":18,"column":20}}},"5":{"name":"(anonymous_6)","decl":{"start":{"line":70,"column":40},"end":{"line":null,"column":-1}},"loc":{"start":{"line":70,"column":40},"end":{"line":70,"column":39}}},"6":{"name":"(anonymous_7)","decl":{"start":{"line":71,"column":13},"end":{"line":71,"column":12}},"loc":{"start":{"line":71,"column":18},"end":{"line":70,"column":46}}},"7":{"name":"(anonymous_8)","decl":{"start":{"line":74,"column":14},"end":{"line":74,"column":19}},"loc":{"start":{"line":74,"column":20},"end":{"line":18,"column":20}}},"8":{"name":"(anonymous_9)","decl":{"start":{"line":75,"column":43},"end":{"line":75,"column":42}},"loc":{"start":{"line":75,"column":48},"end":{"line":75,"column":4}}},"9":{"name":"(anonymous_10)","decl":{"start":{"line":87,"column":16},"end":{"line":null,"column":-1}},"loc":{"start":{"line":87,"column":16},"end":{"line":86,"column":8}}},"10":{"name":"(anonymous_11)","decl":{"start":{"line":92,"column":22},"end":{"line":92,"column":22}},"loc":{"start":{"line":92,"column":33},"end":{"line":18,"column":20}}},"11":{"name":"(anonymous_12)","decl":{"start":{"line":103,"column":11},"end":{"line":103,"column":16}},"loc":{"start":{"line":103,"column":17},"end":{"line":18,"column":20}}},"12":{"name":"(anonymous_13)","decl":{"start":{"line":110,"column":15},"end":{"line":110,"column":20}},"loc":{"start":{"line":110,"column":21},"end":{"line":18,"column":20}}},"13":{"name":"(anonymous_14)","decl":{"start":{"line":113,"column":12},"end":{"line":113,"column":12}},"loc":{"start":{"line":113,"column":22},"end":{"line":112,"column":11}}},"14":{"name":"(anonymous_18)","decl":{"start":{"line":54,"column":7},"end":{"line":54,"column":12}},"loc":{"start":{"line":54,"column":13},"end":{"line":52,"column":4}}},"15":{"name":"(anonymous_19)","decl":{"start":{"line":56,"column":15},"end":{"line":56,"column":14}},"loc":{"start":{"line":56,"column":20},"end":{"line":55,"column":6}}},"16":{"name":"(anonymous_20)","decl":{"start":{"line":57,"column":14},"end":{"line":null,"column":-1}},"loc":{"start":{"line":57,"column":14},"end":{"line":55,"column":6}}},"17":{"name":"onLayout","decl":{"start":{"line":138,"column":25},"end":{"line":138,"column":25}},"loc":{"start":{"line":138,"column":25},"end":{"line":null,"column":-1}}},"18":{"name":"mapStateToProps","decl":{"start":{"line":147,"column":6},"end":{"line":147,"column":24}},"loc":{"start":{"line":147,"column":33},"end":{"line":147,"column":0}}},"19":{"name":"mapDispatchToProps","decl":{"start":{"line":157,"column":6},"end":{"line":157,"column":27}},"loc":{"start":{"line":157,"column":39},"end":{"line":157,"column":0}}},"20":{"name":"enableTabletView","decl":{"start":{"line":159,"column":22},"end":{"line":null,"column":-1}},"loc":{"start":{"line":159,"column":22},"end":{"line":158,"column":9}}},"21":{"name":"setOrientation","decl":{"start":{"line":160,"column":20},"end":{"line":160,"column":20}},"loc":{"start":{"line":160,"column":20},"end":{"line":158,"column":9}}},"22":{"name":"getUpdatedOrders","decl":{"start":{"line":161,"column":22},"end":{"line":161,"column":22}},"loc":{"start":{"line":161,"column":22},"end":{"line":158,"column":9}}},"23":{"name":"setOrders","decl":{"start":{"line":162,"column":15},"end":{"line":162,"column":15}},"loc":{"start":{"line":162,"column":15},"end":{"line":158,"column":9}}},"24":{"name":"triggerLoader","decl":{"start":{"line":163,"column":19},"end":{"line":null,"column":-1}},"loc":{"start":{"line":163,"column":19},"end":{"line":158,"column":9}}},"25":{"name":"changeAppState","decl":{"start":{"line":164,"column":20},"end":{"line":164,"column":20}},"loc":{"start":{"line":164,"column":20},"end":{"line":158,"column":9}}},"26":{"name":"setUser","decl":{"start":{"line":165,"column":13},"end":{"line":165,"column":13}},"loc":{"start":{"line":165,"column":13},"end":{"line":158,"column":9}}},"27":{"name":"handleSynchronizationError","decl":{"start":{"line":166,"column":32},"end":{"line":166,"column":31}},"loc":{"start":{"line":166,"column":37},"end":{"line":158,"column":9}}},"28":{"name":"getLiveServer","decl":{"start":{"line":167,"column":19},"end":{"line":null,"column":-1}},"loc":{"start":{"line":167,"column":19},"end":{"line":null,"column":-1}}}},"branchMap":{"0":{"loc":{"start":{"line":37,"column":4},"end":{"line":39,"column":5}},"type":"if","locations":[{"start":{"line":37,"column":4},"end":{"line":39,"column":5}},{"start":{"line":37,"column":4},"end":{"line":39,"column":5}}]},"1":{"loc":{"start":{"line":40,"column":4},"end":{"line":43,"column":5}},"type":"if","locations":[{"start":{"line":40,"column":4},"end":{"line":43,"column":5}},{"start":{"line":40,"column":4},"end":{"line":43,"column":5}}]},"2":{"loc":{"start":{"line":64,"column":4},"end":{"line":66,"column":5}},"type":"if","locations":[{"start":{"line":64,"column":4},"end":{"line":66,"column":5}},{"start":{"line":64,"column":4},"end":{"line":66,"column":5}}]},"3":{"loc":{"start":{"line":76,"column":6},"end":{"line":88,"column":7}},"type":"if","locations":[{"start":{"line":76,"column":6},"end":{"line":88,"column":7}},{"start":{"line":76,"column":6},"end":{"line":88,"column":7}}]},"4":{"loc":{"start":{"line":76,"column":10},"end":{"line":76,"column":9}},"type":"binary-expr","locations":[{"start":{"line":76,"column":10},"end":{"line":76,"column":9}},{"start":{"line":76,"column":29},"end":{"line":76,"column":6}}]},"5":{"loc":{"start":{"line":95,"column":4},"end":{"line":100,"column":5}},"type":"if","locations":[{"start":{"line":95,"column":4},"end":{"line":100,"column":5}},{"start":{"line":95,"column":4},"end":{"line":100,"column":5}}]},"6":{"loc":{"start":{"line":105,"column":4},"end":{"line":107,"column":5}},"type":"if","locations":[{"start":{"line":105,"column":4},"end":{"line":107,"column":5}},{"start":{"line":105,"column":4},"end":{"line":107,"column":5}}]},"7":{"loc":{"start":{"line":114,"column":36},"end":{"line":114,"column":33}},"type":"cond-expr","locations":[{"start":{"line":114,"column":36},"end":{"line":114,"column":33}},{"start":{"line":114,"column":50},"end":{"line":114,"column":8}}]},"8":{"loc":{"start":{"line":120,"column":47},"end":{"line":120,"column":19}},"type":"cond-expr","locations":[{"start":{"line":120,"column":47},"end":{"line":120,"column":19}},{"start":{"line":120,"column":78},"end":{"line":120,"column":4}}]},"9":{"loc":{"start":{"line":124,"column":10},"end":{"line":123,"column":10}},"type":"cond-expr","locations":[{"start":{"line":124,"column":10},"end":{"line":123,"column":10}},{"start":{"line":135,"column":20},"end":{"line":122,"column":6}}]},"10":{"loc":{"start":{"line":127,"column":14},"end":{"line":126,"column":13}},"type":"cond-expr","locations":[{"start":{"line":127,"column":14},"end":{"line":126,"column":13}},{"start":{"line":133,"column":24},"end":{"line":124,"column":10}}]},"11":{"loc":{"start":{"line":129,"column":18},"end":{"line":131,"column":19}},"type":"cond-expr","locations":[{"start":{"line":129,"column":18},"end":{"line":131,"column":19}},{"start":{"line":131,"column":20},"end":{"line":127,"column":14}}]},"12":{"loc":{"start":{"line":137,"column":66},"end":{"line":137,"column":45}},"type":"cond-expr","locations":[{"start":{"line":137,"column":66},"end":{"line":137,"column":45}},{"start":{"line":137,"column":90},"end":{"line":137,"column":22}}]},"13":{"loc":{"start":{"line":139,"column":32},"end":{"line":139,"column":12}},"type":"cond-expr","locations":[{"start":{"line":139,"column":32},"end":{"line":139,"column":12}},{"start":{"line":139,"column":61},"end":{"line":137,"column":9}}]}},"s":{"0":0,"1":0,"2":0,"3":0,"4":0,"5":0,"6":0,"7":0,"8":0,"9":0,"10":0,"11":0,"12":0,"13":0,"14":0,"15":0,"16":0,"17":0,"18":0,"19":0,"20":0,"21":0,"22":0,"23":0,"24":0,"25":0,"26":0,"27":0,"28":0,"29":0,"30":0,"31":0,"32":0,"33":0,"34":0,"35":0,"36":0,"37":0,"38":0,"39":0,"40":0,"41":0,"42":0,"43":0,"44":0,"45":0,"46":0,"47":0,"48":0,"49":0,"50":0,"51":0,"52":0,"53":0,"54":0,"55":0,"56":0,"57":0,"58":0,"59":0,"60":0,"61":0,"62":0,"63":0,"64":0,"65":0,"66":0,"67":0,"68":0,"69":0,"70":0,"71":0,"72":0,"73":0,"74":0,"75":0,"76":0,"77":0,"78":0,"79":0,"80":0,"81":0},"f":{"0":0,"1":0,"2":0,"3":0,"4":0,"5":0,"6":0,"7":0,"8":0,"9":0,"10":0,"11":0,"12":0,"13":0,"14":0,"15":0,"16":0,"17":0,"18":0,"19":0,"20":0,"21":0,"22":0,"23":0,"24":0,"25":0,"26":0,"27":0,"28":0},"b":{"0":[0,0],"1":[0,0],"2":[0,0],"3":[0,0],"4":[0,0],"5":[0,0],"6":[0,0],"7":[0,0],"8":[0,0],"9":[0,0],"10":[0,0],"11":[0,0],"12":[0,0],"13":[0,0]}}
,"/Users/macbook/work/ImmoInspect/BDD/ImmoInspectONE/immo-inspect-mobile/app/actions/backend.js": {"path":"/Users/macbook/work/ImmoInspect/BDD/ImmoInspectONE/immo-inspect-mobile/app/actions/backend.js","statementMap":{"0":{"start":{"line":16,"column":2},"end":{"line":16,"column":27}},"1":{"start":{"line":20,"column":2},"end":{"line":20,"column":38}},"2":{"start":{"line":24,"column":2},"end":{"line":24,"column":57}},"3":{"start":{"line":28,"column":2},"end":{"line":28,"column":42}},"4":{"start":{"line":32,"column":2},"end":{"line":32,"column":38}},"5":{"start":{"line":36,"column":2},"end":{"line":36,"column":43}},"6":{"start":{"line":40,"column":2},"end":{"line":40,"column":35}},"7":{"start":{"line":44,"column":2},"end":{"line":44,"column":36}},"8":{"start":{"line":48,"column":2},"end":{"line":48,"column":36}},"9":{"start":{"line":52,"column":2},"end":{"line":52,"column":45}},"10":{"start":{"line":56,"column":2},"end":{"line":56,"column":43}},"11":{"start":{"line":60,"column":2},"end":{"line":60,"column":46}},"12":{"start":{"line":64,"column":2},"end":{"line":66,"column":50}},"13":{"start":{"line":64,"column":21},"end":{"line":66,"column":49}},"14":{"start":{"line":65,"column":18},"end":{"line":65,"column":50}},"15":{"start":{"line":66,"column":22},"end":{"line":66,"column":48}},"16":{"start":{"line":70,"column":2},"end":{"line":72,"column":50}},"17":{"start":{"line":70,"column":21},"end":{"line":72,"column":49}},"18":{"start":{"line":71,"column":16},"end":{"line":71,"column":50}},"19":{"start":{"line":72,"column":22},"end":{"line":72,"column":48}},"20":{"start":{"line":76,"column":2},"end":{"line":83,"column":6}},"21":{"start":{"line":77,"column":18},"end":{"line":79,"column":32}},"22":{"start":{"line":78,"column":31},"end":{"line":78,"column":79}},"23":{"start":{"line":78,"column":52},"end":{"line":78,"column":78}},"24":{"start":{"line":79,"column":20},"end":{"line":79,"column":31}},"25":{"start":{"line":81,"column":6},"end":{"line":81,"column":62}},"26":{"start":{"line":81,"column":35},"end":{"line":81,"column":60}},"27":{"start":{"line":82,"column":6},"end":{"line":82,"column":52}},"28":{"start":{"line":87,"column":2},"end":{"line":100,"column":6}},"29":{"start":{"line":87,"column":21},"end":{"line":100,"column":6}},"30":{"start":{"line":88,"column":20},"end":{"line":88,"column":46}},"31":{"start":{"line":90,"column":27},"end":{"line":90,"column":93}},"32":{"start":{"line":90,"column":50},"end":{"line":90,"column":92}},"33":{"start":{"line":91,"column":6},"end":{"line":91,"column":40}},"34":{"start":{"line":92,"column":6},"end":{"line":93,"column":84}},"35":{"start":{"line":93,"column":20},"end":{"line":93,"column":82}},"36":{"start":{"line":93,"column":59},"end":{"line":93,"column":70}},"37":{"start":{"line":96,"column":19},"end":{"line":96,"column":39}},"38":{"start":{"line":97,"column":6},"end":{"line":97,"column":60}},"39":{"start":{"line":98,"column":6},"end":{"line":98,"column":44}},"40":{"start":{"line":99,"column":6},"end":{"line":99,"column":39}},"41":{"start":{"line":104,"column":2},"end":{"line":124,"column":6}},"42":{"start":{"line":104,"column":21},"end":{"line":124,"column":5}},"43":{"start":{"line":105,"column":24},"end":{"line":123,"column":77}},"44":{"start":{"line":106,"column":34},"end":{"line":122,"column":12}},"45":{"start":{"line":110,"column":34},"end":{"line":110,"column":100}},"46":{"start":{"line":110,"column":57},"end":{"line":110,"column":99}},"47":{"start":{"line":111,"column":35},"end":{"line":111,"column":127}},"48":{"start":{"line":111,"column":58},"end":{"line":111,"column":100}},"49":{"start":{"line":111,"column":115},"end":{"line":111,"column":126}},"50":{"start":{"line":112,"column":12},"end":{"line":112,"column":50}},"51":{"start":{"line":113,"column":12},"end":{"line":113,"column":55}},"52":{"start":{"line":114,"column":12},"end":{"line":114,"column":68}},"53":{"start":{"line":114,"column":41},"end":{"line":114,"column":66}},"54":{"start":{"line":115,"column":12},"end":{"line":115,"column":58}},"55":{"start":{"line":116,"column":12},"end":{"line":116,"column":84}},"56":{"start":{"line":119,"column":25},"end":{"line":119,"column":45}},"57":{"start":{"line":120,"column":12},"end":{"line":120,"column":50}},"58":{"start":{"line":121,"column":12},"end":{"line":121,"column":45}},"59":{"start":{"line":128,"column":2},"end":{"line":147,"column":3}},"60":{"start":{"line":129,"column":4},"end":{"line":129,"column":30}},"61":{"start":{"line":130,"column":4},"end":{"line":146,"column":8}},"62":{"start":{"line":132,"column":8},"end":{"line":141,"column":9}},"63":{"start":{"line":133,"column":10},"end":{"line":133,"column":65}},"64":{"start":{"line":136,"column":10},"end":{"line":139,"column":12}},"65":{"start":{"line":140,"column":10},"end":{"line":140,"column":36}},"66":{"start":{"line":144,"column":8},"end":{"line":144,"column":34}},"67":{"start":{"line":145,"column":8},"end":{"line":145,"column":35}},"68":{"start":{"line":152,"column":2},"end":{"line":182,"column":6}},"69":{"start":{"line":154,"column":6},"end":{"line":154,"column":18}},"70":{"start":{"line":155,"column":6},"end":{"line":155,"column":51}},"71":{"start":{"line":158,"column":6},"end":{"line":171,"column":7}},"72":{"start":{"line":159,"column":8},"end":{"line":167,"column":10}},"73":{"start":{"line":163,"column":40},"end":{"line":163,"column":97}},"74":{"start":{"line":164,"column":42},"end":{"line":164,"column":67}},"75":{"start":{"line":170,"column":8},"end":{"line":170,"column":73}},"76":{"start":{"line":174,"column":6},"end":{"line":174,"column":32}},"77":{"start":{"line":175,"column":6},"end":{"line":181,"column":7}},"78":{"start":{"line":176,"column":8},"end":{"line":176,"column":37}},"79":{"start":{"line":177,"column":13},"end":{"line":181,"column":7}},"80":{"start":{"line":178,"column":8},"end":{"line":178,"column":68}},"81":{"start":{"line":180,"column":8},"end":{"line":180,"column":35}},"82":{"start":{"line":186,"column":2},"end":{"line":197,"column":6}},"83":{"start":{"line":187,"column":26},"end":{"line":187,"column":96}},"84":{"start":{"line":189,"column":6},"end":{"line":189,"column":32}},"85":{"start":{"line":190,"column":6},"end":{"line":196,"column":7}},"86":{"start":{"line":191,"column":8},"end":{"line":191,"column":35}},"87":{"start":{"line":192,"column":13},"end":{"line":196,"column":7}},"88":{"start":{"line":193,"column":8},"end":{"line":193,"column":68}},"89":{"start":{"line":195,"column":8},"end":{"line":195,"column":128}},"90":{"start":{"line":201,"column":2},"end":{"line":226,"column":7}},"91":{"start":{"line":202,"column":4},"end":{"line":204,"column":5}},"92":{"start":{"line":203,"column":6},"end":{"line":203,"column":73}},"93":{"start":{"line":207,"column":6},"end":{"line":207,"column":32}},"94":{"start":{"line":208,"column":6},"end":{"line":208,"column":32}},"95":{"start":{"line":209,"column":6},"end":{"line":209,"column":36}},"96":{"start":{"line":210,"column":6},"end":{"line":210,"column":35}},"97":{"start":{"line":211,"column":6},"end":{"line":211,"column":128}},"98":{"start":{"line":212,"column":6},"end":{"line":221,"column":9}},"99":{"start":{"line":222,"column":6},"end":{"line":225,"column":10}},"100":{"start":{"line":230,"column":2},"end":{"line":230,"column":38}},"101":{"start":{"line":234,"column":2},"end":{"line":234,"column":34}},"102":{"start":{"line":238,"column":2},"end":{"line":238,"column":34}},"103":{"start":{"line":239,"column":2},"end":{"line":262,"column":6}},"104":{"start":{"line":239,"column":21},"end":{"line":262,"column":6}},"105":{"start":{"line":241,"column":6},"end":{"line":247,"column":7}},"106":{"start":{"line":242,"column":8},"end":{"line":242,"column":70}},"107":{"start":{"line":243,"column":13},"end":{"line":247,"column":7}},"108":{"start":{"line":244,"column":8},"end":{"line":244,"column":36}},"109":{"start":{"line":246,"column":8},"end":{"line":246,"column":45}},"110":{"start":{"line":248,"column":6},"end":{"line":254,"column":46}},"111":{"start":{"line":249,"column":20},"end":{"line":249,"column":53}},"112":{"start":{"line":250,"column":22},"end":{"line":251,"column":71}},"113":{"start":{"line":252,"column":20},"end":{"line":252,"column":49}},"114":{"start":{"line":253,"column":20},"end":{"line":253,"column":80}},"115":{"start":{"line":254,"column":20},"end":{"line":254,"column":45}},"116":{"start":{"line":257,"column":6},"end":{"line":259,"column":7}},"117":{"start":{"line":258,"column":8},"end":{"line":258,"column":34}},"118":{"start":{"line":260,"column":6},"end":{"line":260,"column":32}},"119":{"start":{"line":261,"column":6},"end":{"line":261,"column":31}},"120":{"start":{"line":266,"column":2},"end":{"line":266,"column":34}},"121":{"start":{"line":267,"column":2},"end":{"line":277,"column":4}},"122":{"start":{"line":267,"column":21},"end":{"line":277,"column":4}},"123":{"start":{"line":268,"column":4},"end":{"line":276,"column":5}},"124":{"start":{"line":269,"column":6},"end":{"line":275,"column":97}},"125":{"start":{"line":271,"column":10},"end":{"line":271,"column":43}},"126":{"start":{"line":272,"column":10},"end":{"line":272,"column":36}},"127":{"start":{"line":273,"column":10},"end":{"line":273,"column":40}},"128":{"start":{"line":275,"column":20},"end":{"line":275,"column":96}}},"fnMap":{"0":{"name":"handleLogout","decl":{"start":{"line":15,"column":16},"end":{"line":15,"column":28}},"loc":{"start":{"line":15,"column":31},"end":{"line":17,"column":1}},"line":15},"1":{"name":"loginError","decl":{"start":{"line":19,"column":16},"end":{"line":19,"column":26}},"loc":{"start":{"line":19,"column":32},"end":{"line":21,"column":1}},"line":19},"2":{"name":"handleSynchronizationError","decl":{"start":{"line":23,"column":16},"end":{"line":23,"column":42}},"loc":{"start":{"line":23,"column":50},"end":{"line":25,"column":1}},"line":23},"3":{"name":"loginSuccessfully","decl":{"start":{"line":27,"column":16},"end":{"line":27,"column":33}},"loc":{"start":{"line":27,"column":36},"end":{"line":29,"column":1}},"line":27},"4":{"name":"setOrders","decl":{"start":{"line":31,"column":16},"end":{"line":31,"column":25}},"loc":{"start":{"line":31,"column":34},"end":{"line":33,"column":1}},"line":31},"5":{"name":"setProgress","decl":{"start":{"line":35,"column":16},"end":{"line":35,"column":27}},"loc":{"start":{"line":35,"column":38},"end":{"line":37,"column":1}},"line":35},"6":{"name":"resetProgress","decl":{"start":{"line":39,"column":16},"end":{"line":39,"column":29}},"loc":{"start":{"line":39,"column":32},"end":{"line":41,"column":1}},"line":39},"7":{"name":"removeOrderFromState","decl":{"start":{"line":43,"column":16},"end":{"line":43,"column":36}},"loc":{"start":{"line":43,"column":41},"end":{"line":45,"column":1}},"line":43},"8":{"name":"toggleRefreshing","decl":{"start":{"line":47,"column":16},"end":{"line":47,"column":32}},"loc":{"start":{"line":47,"column":35},"end":{"line":49,"column":1}},"line":47},"9":{"name":"saveUpdatingTime","decl":{"start":{"line":51,"column":16},"end":{"line":51,"column":32}},"loc":{"start":{"line":51,"column":39},"end":{"line":53,"column":1}},"line":51},"10":{"name":"updateOrders","decl":{"start":{"line":55,"column":16},"end":{"line":55,"column":28}},"loc":{"start":{"line":55,"column":37},"end":{"line":57,"column":1}},"line":55},"11":{"name":"setManualUpdatingFlag","decl":{"start":{"line":59,"column":16},"end":{"line":59,"column":37}},"loc":{"start":{"line":59,"column":40},"end":{"line":61,"column":1}},"line":59},"12":{"name":"getLastSynchronizationTime","decl":{"start":{"line":63,"column":16},"end":{"line":63,"column":42}},"loc":{"start":{"line":63,"column":45},"end":{"line":67,"column":1}},"line":63},"13":{"name":"(anonymous_13)","decl":{"start":{"line":64,"column":9},"end":{"line":64,"column":10}},"loc":{"start":{"line":64,"column":21},"end":{"line":66,"column":49}},"line":64},"14":{"name":"(anonymous_14)","decl":{"start":{"line":65,"column":10},"end":{"line":65,"column":11}},"loc":{"start":{"line":65,"column":18},"end":{"line":65,"column":50}},"line":65},"15":{"name":"(anonymous_15)","decl":{"start":{"line":66,"column":11},"end":{"line":66,"column":12}},"loc":{"start":{"line":66,"column":22},"end":{"line":66,"column":48}},"line":66},"16":{"name":"removeOrder","decl":{"start":{"line":69,"column":16},"end":{"line":69,"column":27}},"loc":{"start":{"line":69,"column":32},"end":{"line":73,"column":1}},"line":69},"17":{"name":"(anonymous_17)","decl":{"start":{"line":70,"column":9},"end":{"line":70,"column":10}},"loc":{"start":{"line":70,"column":21},"end":{"line":72,"column":49}},"line":70},"18":{"name":"(anonymous_18)","decl":{"start":{"line":71,"column":10},"end":{"line":71,"column":11}},"loc":{"start":{"line":71,"column":16},"end":{"line":71,"column":50}},"line":71},"19":{"name":"(anonymous_19)","decl":{"start":{"line":72,"column":11},"end":{"line":72,"column":12}},"loc":{"start":{"line":72,"column":22},"end":{"line":72,"column":48}},"line":72},"20":{"name":"deleteOrders","decl":{"start":{"line":75,"column":9},"end":{"line":75,"column":21}},"loc":{"start":{"line":75,"column":42},"end":{"line":84,"column":1}},"line":75},"21":{"name":"(anonymous_21)","decl":{"start":{"line":77,"column":10},"end":{"line":77,"column":11}},"loc":{"start":{"line":77,"column":18},"end":{"line":79,"column":32}},"line":77},"22":{"name":"(anonymous_22)","decl":{"start":{"line":78,"column":14},"end":{"line":78,"column":15}},"loc":{"start":{"line":78,"column":31},"end":{"line":78,"column":79}},"line":78},"23":{"name":"(anonymous_23)","decl":{"start":{"line":78,"column":46},"end":{"line":78,"column":47}},"loc":{"start":{"line":78,"column":52},"end":{"line":78,"column":78}},"line":78},"24":{"name":"(anonymous_24)","decl":{"start":{"line":79,"column":11},"end":{"line":79,"column":12}},"loc":{"start":{"line":79,"column":20},"end":{"line":79,"column":31}},"line":79},"25":{"name":"(anonymous_25)","decl":{"start":{"line":80,"column":10},"end":{"line":80,"column":11}},"loc":{"start":{"line":80,"column":28},"end":{"line":83,"column":5}},"line":80},"26":{"name":"(anonymous_26)","decl":{"start":{"line":81,"column":29},"end":{"line":81,"column":30}},"loc":{"start":{"line":81,"column":35},"end":{"line":81,"column":60}},"line":81},"27":{"name":"getOrders","decl":{"start":{"line":86,"column":16},"end":{"line":86,"column":25}},"loc":{"start":{"line":86,"column":44},"end":{"line":101,"column":1}},"line":86},"28":{"name":"(anonymous_28)","decl":{"start":{"line":87,"column":9},"end":{"line":87,"column":10}},"loc":{"start":{"line":87,"column":21},"end":{"line":100,"column":6}},"line":87},"29":{"name":"(anonymous_29)","decl":{"start":{"line":88,"column":10},"end":{"line":88,"column":11}},"loc":{"start":{"line":88,"column":20},"end":{"line":88,"column":46}},"line":88},"30":{"name":"(anonymous_30)","decl":{"start":{"line":89,"column":10},"end":{"line":89,"column":11}},"loc":{"start":{"line":89,"column":22},"end":{"line":94,"column":5}},"line":89},"31":{"name":"(anonymous_31)","decl":{"start":{"line":90,"column":41},"end":{"line":90,"column":42}},"loc":{"start":{"line":90,"column":50},"end":{"line":90,"column":92}},"line":90},"32":{"name":"(anonymous_32)","decl":{"start":{"line":93,"column":14},"end":{"line":93,"column":15}},"loc":{"start":{"line":93,"column":20},"end":{"line":93,"column":82}},"line":93},"33":{"name":"(anonymous_33)","decl":{"start":{"line":93,"column":50},"end":{"line":93,"column":51}},"loc":{"start":{"line":93,"column":59},"end":{"line":93,"column":70}},"line":93},"34":{"name":"(anonymous_34)","decl":{"start":{"line":95,"column":10},"end":{"line":95,"column":11}},"loc":{"start":{"line":95,"column":16},"end":{"line":100,"column":5}},"line":95},"35":{"name":"getUpdatedOrders","decl":{"start":{"line":103,"column":16},"end":{"line":103,"column":32}},"loc":{"start":{"line":103,"column":51},"end":{"line":125,"column":1}},"line":103},"36":{"name":"(anonymous_36)","decl":{"start":{"line":104,"column":9},"end":{"line":104,"column":10}},"loc":{"start":{"line":104,"column":21},"end":{"line":124,"column":5}},"line":104},"37":{"name":"(anonymous_37)","decl":{"start":{"line":105,"column":10},"end":{"line":105,"column":11}},"loc":{"start":{"line":105,"column":24},"end":{"line":123,"column":77}},"line":105},"38":{"name":"(anonymous_38)","decl":{"start":{"line":106,"column":12},"end":{"line":106,"column":13}},"loc":{"start":{"line":106,"column":34},"end":{"line":122,"column":12}},"line":106},"39":{"name":"(anonymous_39)","decl":{"start":{"line":109,"column":16},"end":{"line":109,"column":17}},"loc":{"start":{"line":109,"column":26},"end":{"line":117,"column":11}},"line":109},"40":{"name":"(anonymous_40)","decl":{"start":{"line":110,"column":48},"end":{"line":110,"column":49}},"loc":{"start":{"line":110,"column":57},"end":{"line":110,"column":99}},"line":110},"41":{"name":"(anonymous_41)","decl":{"start":{"line":111,"column":49},"end":{"line":111,"column":50}},"loc":{"start":{"line":111,"column":58},"end":{"line":111,"column":100}},"line":111},"42":{"name":"(anonymous_42)","decl":{"start":{"line":111,"column":106},"end":{"line":111,"column":107}},"loc":{"start":{"line":111,"column":115},"end":{"line":111,"column":126}},"line":111},"43":{"name":"(anonymous_43)","decl":{"start":{"line":114,"column":35},"end":{"line":114,"column":36}},"loc":{"start":{"line":114,"column":41},"end":{"line":114,"column":66}},"line":114},"44":{"name":"(anonymous_44)","decl":{"start":{"line":118,"column":16},"end":{"line":118,"column":17}},"loc":{"start":{"line":118,"column":22},"end":{"line":122,"column":11}},"line":118},"45":{"name":"submitOrder","decl":{"start":{"line":127,"column":16},"end":{"line":127,"column":27}},"loc":{"start":{"line":127,"column":55},"end":{"line":148,"column":1}},"line":127},"46":{"name":"(anonymous_46)","decl":{"start":{"line":128,"column":9},"end":{"line":128,"column":10}},"loc":{"start":{"line":128,"column":21},"end":{"line":147,"column":3}},"line":128},"47":{"name":"(anonymous_47)","decl":{"start":{"line":131,"column":12},"end":{"line":131,"column":13}},"loc":{"start":{"line":131,"column":20},"end":{"line":142,"column":7}},"line":131},"48":{"name":"(anonymous_48)","decl":{"start":{"line":143,"column":13},"end":{"line":143,"column":14}},"loc":{"start":{"line":143,"column":24},"end":{"line":146,"column":7}},"line":143},"49":{"name":"checkPhotos","decl":{"start":{"line":150,"column":9},"end":{"line":150,"column":20}},"loc":{"start":{"line":150,"column":57},"end":{"line":183,"column":1}},"line":150},"50":{"name":"(anonymous_50)","decl":{"start":{"line":153,"column":10},"end":{"line":153,"column":11}},"loc":{"start":{"line":153,"column":18},"end":{"line":156,"column":5}},"line":153},"51":{"name":"(anonymous_51)","decl":{"start":{"line":157,"column":10},"end":{"line":157,"column":11}},"loc":{"start":{"line":157,"column":21},"end":{"line":172,"column":5}},"line":157},"52":{"name":"(anonymous_52)","decl":{"start":{"line":163,"column":34},"end":{"line":163,"column":35}},"loc":{"start":{"line":163,"column":40},"end":{"line":163,"column":97}},"line":163},"53":{"name":"(anonymous_53)","decl":{"start":{"line":164,"column":36},"end":{"line":164,"column":37}},"loc":{"start":{"line":164,"column":42},"end":{"line":164,"column":67}},"line":164},"54":{"name":"(anonymous_54)","decl":{"start":{"line":173,"column":11},"end":{"line":173,"column":12}},"loc":{"start":{"line":173,"column":22},"end":{"line":182,"column":5}},"line":173},"55":{"name":"generateDataForSending","decl":{"start":{"line":185,"column":9},"end":{"line":185,"column":31}},"loc":{"start":{"line":185,"column":67},"end":{"line":198,"column":1}},"line":185},"56":{"name":"(anonymous_56)","decl":{"start":{"line":187,"column":10},"end":{"line":187,"column":11}},"loc":{"start":{"line":187,"column":26},"end":{"line":187,"column":96}},"line":187},"57":{"name":"(anonymous_57)","decl":{"start":{"line":188,"column":11},"end":{"line":188,"column":12}},"loc":{"start":{"line":188,"column":22},"end":{"line":197,"column":5}},"line":188},"58":{"name":"sendCloseOrderRequest","decl":{"start":{"line":200,"column":9},"end":{"line":200,"column":30}},"loc":{"start":{"line":200,"column":72},"end":{"line":227,"column":1}},"line":200},"59":{"name":"(anonymous_59)","decl":{"start":{"line":201,"column":55},"end":{"line":201,"column":56}},"loc":{"start":{"line":201,"column":66},"end":{"line":205,"column":3}},"line":201},"60":{"name":"(anonymous_60)","decl":{"start":{"line":206,"column":10},"end":{"line":206,"column":11}},"loc":{"start":{"line":206,"column":16},"end":{"line":226,"column":5}},"line":206},"61":{"name":"setUser","decl":{"start":{"line":229,"column":16},"end":{"line":229,"column":23}},"loc":{"start":{"line":229,"column":34},"end":{"line":231,"column":1}},"line":229},"62":{"name":"passwordError","decl":{"start":{"line":233,"column":16},"end":{"line":233,"column":29}},"loc":{"start":{"line":233,"column":32},"end":{"line":235,"column":1}},"line":233},"63":{"name":"login","decl":{"start":{"line":237,"column":16},"end":{"line":237,"column":21}},"loc":{"start":{"line":237,"column":46},"end":{"line":263,"column":1}},"line":237},"64":{"name":"(anonymous_64)","decl":{"start":{"line":239,"column":9},"end":{"line":239,"column":10}},"loc":{"start":{"line":239,"column":21},"end":{"line":262,"column":6}},"line":239},"65":{"name":"(anonymous_65)","decl":{"start":{"line":240,"column":10},"end":{"line":240,"column":11}},"loc":{"start":{"line":240,"column":22},"end":{"line":255,"column":9}},"line":240},"66":{"name":"(anonymous_66)","decl":{"start":{"line":249,"column":14},"end":{"line":249,"column":15}},"loc":{"start":{"line":249,"column":20},"end":{"line":249,"column":53}},"line":249},"67":{"name":"(anonymous_67)","decl":{"start":{"line":250,"column":14},"end":{"line":250,"column":15}},"loc":{"start":{"line":250,"column":22},"end":{"line":251,"column":71}},"line":250},"68":{"name":"(anonymous_68)","decl":{"start":{"line":252,"column":14},"end":{"line":252,"column":15}},"loc":{"start":{"line":252,"column":20},"end":{"line":252,"column":49}},"line":252},"69":{"name":"(anonymous_69)","decl":{"start":{"line":253,"column":14},"end":{"line":253,"column":15}},"loc":{"start":{"line":253,"column":20},"end":{"line":253,"column":80}},"line":253},"70":{"name":"(anonymous_70)","decl":{"start":{"line":254,"column":14},"end":{"line":254,"column":15}},"loc":{"start":{"line":254,"column":20},"end":{"line":254,"column":45}},"line":254},"71":{"name":"(anonymous_71)","decl":{"start":{"line":256,"column":11},"end":{"line":256,"column":12}},"loc":{"start":{"line":256,"column":18},"end":{"line":262,"column":5}},"line":256},"72":{"name":"hardLogin","decl":{"start":{"line":265,"column":16},"end":{"line":265,"column":25}},"loc":{"start":{"line":265,"column":36},"end":{"line":278,"column":1}},"line":265},"73":{"name":"(anonymous_73)","decl":{"start":{"line":267,"column":9},"end":{"line":267,"column":10}},"loc":{"start":{"line":267,"column":21},"end":{"line":277,"column":4}},"line":267},"74":{"name":"(anonymous_74)","decl":{"start":{"line":267,"column":56},"end":{"line":267,"column":57}},"loc":{"start":{"line":267,"column":63},"end":{"line":277,"column":3}},"line":267},"75":{"name":"(anonymous_75)","decl":{"start":{"line":270,"column":14},"end":{"line":270,"column":15}},"loc":{"start":{"line":270,"column":24},"end":{"line":274,"column":9}},"line":270},"76":{"name":"(anonymous_76)","decl":{"start":{"line":275,"column":14},"end":{"line":275,"column":15}},"loc":{"start":{"line":275,"column":20},"end":{"line":275,"column":96}},"line":275}},"branchMap":{"0":{"loc":{"start":{"line":76,"column":9},"end":{"line":83,"column":6}},"type":"binary-expr","locations":[{"start":{"line":76,"column":9},"end":{"line":76,"column":24}},{"start":{"line":76,"column":28},"end":{"line":83,"column":6}}],"line":76},"1":{"loc":{"start":{"line":90,"column":50},"end":{"line":90,"column":92}},"type":"binary-expr","locations":[{"start":{"line":90,"column":50},"end":{"line":90,"column":69}},{"start":{"line":90,"column":73},"end":{"line":90,"column":92}}],"line":90},"2":{"loc":{"start":{"line":105,"column":24},"end":{"line":123,"column":77}},"type":"cond-expr","locations":[{"start":{"line":105,"column":53},"end":{"line":123,"column":7}},{"start":{"line":123,"column":10},"end":{"line":123,"column":77}}],"line":105},"3":{"loc":{"start":{"line":106,"column":34},"end":{"line":122,"column":12}},"type":"cond-expr","locations":[{"start":{"line":107,"column":8},"end":{"line":107,"column":70}},{"start":{"line":108,"column":8},"end":{"line":122,"column":12}}],"line":106},"4":{"loc":{"start":{"line":110,"column":57},"end":{"line":110,"column":99}},"type":"binary-expr","locations":[{"start":{"line":110,"column":57},"end":{"line":110,"column":76}},{"start":{"line":110,"column":80},"end":{"line":110,"column":99}}],"line":110},"5":{"loc":{"start":{"line":111,"column":58},"end":{"line":111,"column":100}},"type":"binary-expr","locations":[{"start":{"line":111,"column":58},"end":{"line":111,"column":77}},{"start":{"line":111,"column":81},"end":{"line":111,"column":100}}],"line":111},"6":{"loc":{"start":{"line":116,"column":19},"end":{"line":116,"column":83}},"type":"binary-expr","locations":[{"start":{"line":116,"column":19},"end":{"line":116,"column":35}},{"start":{"line":116,"column":39},"end":{"line":116,"column":83}}],"line":116},"7":{"loc":{"start":{"line":132,"column":8},"end":{"line":141,"column":9}},"type":"if","locations":[{"start":{"line":132,"column":8},"end":{"line":141,"column":9}},{"start":{"line":132,"column":8},"end":{"line":141,"column":9}}],"line":132},"8":{"loc":{"start":{"line":132,"column":12},"end":{"line":132,"column":30}},"type":"binary-expr","locations":[{"start":{"line":132,"column":12},"end":{"line":132,"column":16}},{"start":{"line":132,"column":20},"end":{"line":132,"column":30}}],"line":132},"9":{"loc":{"start":{"line":158,"column":6},"end":{"line":171,"column":7}},"type":"if","locations":[{"start":{"line":158,"column":6},"end":{"line":171,"column":7}},{"start":{"line":158,"column":6},"end":{"line":171,"column":7}}],"line":158},"10":{"loc":{"start":{"line":175,"column":6},"end":{"line":181,"column":7}},"type":"if","locations":[{"start":{"line":175,"column":6},"end":{"line":181,"column":7}},{"start":{"line":175,"column":6},"end":{"line":181,"column":7}}],"line":175},"11":{"loc":{"start":{"line":177,"column":13},"end":{"line":181,"column":7}},"type":"if","locations":[{"start":{"line":177,"column":13},"end":{"line":181,"column":7}},{"start":{"line":177,"column":13},"end":{"line":181,"column":7}}],"line":177},"12":{"loc":{"start":{"line":177,"column":17},"end":{"line":177,"column":49}},"type":"binary-expr","locations":[{"start":{"line":177,"column":17},"end":{"line":177,"column":32}},{"start":{"line":177,"column":36},"end":{"line":177,"column":49}}],"line":177},"13":{"loc":{"start":{"line":190,"column":6},"end":{"line":196,"column":7}},"type":"if","locations":[{"start":{"line":190,"column":6},"end":{"line":196,"column":7}},{"start":{"line":190,"column":6},"end":{"line":196,"column":7}}],"line":190},"14":{"loc":{"start":{"line":192,"column":13},"end":{"line":196,"column":7}},"type":"if","locations":[{"start":{"line":192,"column":13},"end":{"line":196,"column":7}},{"start":{"line":192,"column":13},"end":{"line":196,"column":7}}],"line":192},"15":{"loc":{"start":{"line":202,"column":4},"end":{"line":204,"column":5}},"type":"if","locations":[{"start":{"line":202,"column":4},"end":{"line":204,"column":5}},{"start":{"line":202,"column":4},"end":{"line":204,"column":5}}],"line":202},"16":{"loc":{"start":{"line":214,"column":26},"end":{"line":214,"column":68}},"type":"cond-expr","locations":[{"start":{"line":214,"column":50},"end":{"line":214,"column":58}},{"start":{"line":214,"column":61},"end":{"line":214,"column":68}}],"line":214},"17":{"loc":{"start":{"line":241,"column":6},"end":{"line":247,"column":7}},"type":"if","locations":[{"start":{"line":241,"column":6},"end":{"line":247,"column":7}},{"start":{"line":241,"column":6},"end":{"line":247,"column":7}}],"line":241},"18":{"loc":{"start":{"line":243,"column":13},"end":{"line":247,"column":7}},"type":"if","locations":[{"start":{"line":243,"column":13},"end":{"line":247,"column":7}},{"start":{"line":243,"column":13},"end":{"line":247,"column":7}}],"line":243},"19":{"loc":{"start":{"line":250,"column":22},"end":{"line":251,"column":71}},"type":"cond-expr","locations":[{"start":{"line":250,"column":30},"end":{"line":250,"column":89}},{"start":{"line":251,"column":10},"end":{"line":251,"column":71}}],"line":250},"20":{"loc":{"start":{"line":257,"column":6},"end":{"line":259,"column":7}},"type":"if","locations":[{"start":{"line":257,"column":6},"end":{"line":259,"column":7}},{"start":{"line":257,"column":6},"end":{"line":259,"column":7}}],"line":257},"21":{"loc":{"start":{"line":257,"column":10},"end":{"line":257,"column":134}},"type":"binary-expr","locations":[{"start":{"line":257,"column":10},"end":{"line":257,"column":70}},{"start":{"line":257,"column":74},"end":{"line":257,"column":134}}],"line":257},"22":{"loc":{"start":{"line":268,"column":4},"end":{"line":276,"column":5}},"type":"if","locations":[{"start":{"line":268,"column":4},"end":{"line":276,"column":5}},{"start":{"line":268,"column":4},"end":{"line":276,"column":5}}],"line":268}},"s":{"0":0,"1":0,"2":3,"3":0,"4":19,"5":13,"6":13,"7":52,"8":2,"9":33,"10":11,"11":1,"12":3,"13":3,"14":2,"15":1,"16":51,"17":51,"18":50,"19":1,"20":19,"21":19,"22":57,"23":57,"24":38,"25":19,"26":38,"27":19,"28":19,"29":19,"30":19,"31":19,"32":38,"33":19,"34":19,"35":19,"36":19,"37":19,"38":19,"39":19,"40":19,"41":24,"42":24,"43":23,"44":22,"45":10,"46":20,"47":10,"48":20,"49":10,"50":10,"51":10,"52":10,"53":10,"54":10,"55":10,"56":10,"57":10,"58":10,"59":13,"60":13,"61":13,"62":12,"63":11,"64":1,"65":1,"66":1,"67":1,"68":11,"69":11,"70":11,"71":11,"72":0,"73":0,"74":0,"75":11,"76":0,"77":0,"78":0,"79":0,"80":0,"81":0,"82":11,"83":11,"84":11,"85":11,"86":11,"87":0,"88":0,"89":0,"90":11,"91":11,"92":11,"93":11,"94":11,"95":11,"96":11,"97":11,"98":11,"99":11,"100":0,"101":0,"102":0,"103":0,"104":0,"105":0,"106":0,"107":0,"108":0,"109":0,"110":0,"111":0,"112":0,"113":0,"114":0,"115":0,"116":0,"117":0,"118":0,"119":0,"120":0,"121":0,"122":0,"123":0,"124":0,"125":0,"126":0,"127":0,"128":0},"f":{"0":0,"1":0,"2":3,"3":0,"4":19,"5":13,"6":13,"7":52,"8":2,"9":33,"10":11,"11":1,"12":3,"13":3,"14":2,"15":1,"16":51,"17":51,"18":50,"19":1,"20":19,"21":19,"22":57,"23":57,"24":38,"25":19,"26":38,"27":19,"28":19,"29":19,"30":19,"31":38,"32":19,"33":19,"34":19,"35":24,"36":24,"37":23,"38":22,"39":10,"40":20,"41":20,"42":10,"43":10,"44":10,"45":13,"46":13,"47":12,"48":1,"49":11,"50":11,"51":11,"52":0,"53":0,"54":0,"55":11,"56":11,"57":11,"58":11,"59":11,"60":11,"61":0,"62":0,"63":0,"64":0,"65":0,"66":0,"67":0,"68":0,"69":0,"70":0,"71":0,"72":0,"73":0,"74":0,"75":0,"76":0},"b":{"0":[19,19],"1":[38,19],"2":[22,1],"3":[12,10],"4":[20,10],"5":[20,10],"6":[10,1],"7":[11,1],"8":[12,12],"9":[0,11],"10":[0,0],"11":[0,0],"12":[0,0],"13":[11,0],"14":[0,0],"15":[11,0],"16":[0,11],"17":[0,0],"18":[0,0],"19":[0,0],"20":[0,0],"21":[0,0],"22":[0,0]},"_coverageSchema":"332fd63041d2c1bcb487cc26dd0d5f7d97098a6c","hash":"79d690470ee4b270e31bc54bcfbd6c3f8722de82"}
,"/Users/macbook/work/ImmoInspect/BDD/ImmoInspectONE/immo-inspect-mobile/app/actions/index.js": {"path":"/Users/macbook/work/ImmoInspect/BDD/ImmoInspectONE/immo-inspect-mobile/app/actions/index.js","statementMap":{"0":{"start":{"line":5,"column":2},"end":{"line":5,"column":36}},"1":{"start":{"line":8,"column":2},"end":{"line":8,"column":42}},"2":{"start":{"line":11,"column":2},"end":{"line":11,"column":40}},"3":{"start":{"line":14,"column":2},"end":{"line":14,"column":40}},"4":{"start":{"line":17,"column":2},"end":{"line":17,"column":50}},"5":{"start":{"line":20,"column":2},"end":{"line":20,"column":46}},"6":{"start":{"line":23,"column":2},"end":{"line":23,"column":49}},"7":{"start":{"line":26,"column":2},"end":{"line":26,"column":40}},"8":{"start":{"line":29,"column":2},"end":{"line":29,"column":58}},"9":{"start":{"line":32,"column":2},"end":{"line":32,"column":44}},"10":{"start":{"line":35,"column":15},"end":{"line":35,"column":17}},"11":{"start":{"line":36,"column":2},"end":{"line":38,"column":5}},"12":{"start":{"line":37,"column":4},"end":{"line":37,"column":21}},"13":{"start":{"line":39,"column":2},"end":{"line":39,"column":40}},"14":{"start":{"line":42,"column":2},"end":{"line":42,"column":40}},"15":{"start":{"line":45,"column":2},"end":{"line":45,"column":44}},"16":{"start":{"line":48,"column":2},"end":{"line":48,"column":73}},"17":{"start":{"line":51,"column":21},"end":{"line":51,"column":28}},"18":{"start":{"line":52,"column":24},"end":{"line":52,"column":37}},"19":{"start":{"line":53,"column":2},"end":{"line":53,"column":76}},"20":{"start":{"line":56,"column":21},"end":{"line":56,"column":34}},"21":{"start":{"line":57,"column":2},"end":{"line":57,"column":52}},"22":{"start":{"line":60,"column":2},"end":{"line":60,"column":51}},"23":{"start":{"line":63,"column":2},"end":{"line":63,"column":39}},"24":{"start":{"line":66,"column":21},"end":{"line":66,"column":34}},"25":{"start":{"line":67,"column":2},"end":{"line":67,"column":76}},"26":{"start":{"line":70,"column":2},"end":{"line":70,"column":55}},"27":{"start":{"line":73,"column":2},"end":{"line":73,"column":45}},"28":{"start":{"line":76,"column":2},"end":{"line":76,"column":54}},"29":{"start":{"line":79,"column":2},"end":{"line":79,"column":52}},"30":{"start":{"line":82,"column":2},"end":{"line":82,"column":38}},"31":{"start":{"line":86,"column":2},"end":{"line":86,"column":35}},"32":{"start":{"line":90,"column":2},"end":{"line":90,"column":46}},"33":{"start":{"line":94,"column":2},"end":{"line":94,"column":41}},"34":{"start":{"line":98,"column":2},"end":{"line":98,"column":39}},"35":{"start":{"line":102,"column":2},"end":{"line":102,"column":44}},"36":{"start":{"line":106,"column":2},"end":{"line":106,"column":44}},"37":{"start":{"line":110,"column":2},"end":{"line":110,"column":30}},"38":{"start":{"line":114,"column":2},"end":{"line":114,"column":29}},"39":{"start":{"line":118,"column":2},"end":{"line":118,"column":34}},"40":{"start":{"line":122,"column":2},"end":{"line":122,"column":46}},"41":{"start":{"line":126,"column":2},"end":{"line":126,"column":43}},"42":{"start":{"line":130,"column":2},"end":{"line":134,"column":6}},"43":{"start":{"line":130,"column":21},"end":{"line":134,"column":6}},"44":{"start":{"line":132,"column":6},"end":{"line":132,"column":71}},"45":{"start":{"line":133,"column":6},"end":{"line":133,"column":59}},"46":{"start":{"line":138,"column":2},"end":{"line":139,"column":60}},"47":{"start":{"line":138,"column":21},"end":{"line":139,"column":60}},"48":{"start":{"line":139,"column":16},"end":{"line":139,"column":59}},"49":{"start":{"line":143,"column":2},"end":{"line":143,"column":49}},"50":{"start":{"line":147,"column":18},"end":{"line":161,"column":3}},"51":{"start":{"line":162,"column":2},"end":{"line":162,"column":49}}},"fnMap":{"0":{"name":"triggerLoader","decl":{"start":{"line":4,"column":16},"end":{"line":4,"column":29}},"loc":{"start":{"line":4,"column":32},"end":{"line":6,"column":1}},"line":4},"1":{"name":"reloadGallery","decl":{"start":{"line":7,"column":16},"end":{"line":7,"column":29}},"loc":{"start":{"line":7,"column":36},"end":{"line":9,"column":1}},"line":7},"2":{"name":"checkTotal","decl":{"start":{"line":10,"column":16},"end":{"line":10,"column":26}},"loc":{"start":{"line":10,"column":34},"end":{"line":12,"column":1}},"line":10},"3":{"name":"enableTabletView","decl":{"start":{"line":13,"column":16},"end":{"line":13,"column":32}},"loc":{"start":{"line":13,"column":35},"end":{"line":15,"column":1}},"line":13},"4":{"name":"setOrientation","decl":{"start":{"line":16,"column":16},"end":{"line":16,"column":30}},"loc":{"start":{"line":16,"column":44},"end":{"line":18,"column":1}},"line":16},"5":{"name":"changeCurrentPhoto","decl":{"start":{"line":19,"column":16},"end":{"line":19,"column":34}},"loc":{"start":{"line":19,"column":39},"end":{"line":21,"column":1}},"line":19},"6":{"name":"changeCurrentOrder","decl":{"start":{"line":22,"column":16},"end":{"line":22,"column":34}},"loc":{"start":{"line":22,"column":42},"end":{"line":24,"column":1}},"line":22},"7":{"name":"resetCurrentOrder","decl":{"start":{"line":25,"column":16},"end":{"line":25,"column":33}},"loc":{"start":{"line":25,"column":36},"end":{"line":27,"column":1}},"line":25},"8":{"name":"changeCurrentOrderName","decl":{"start":{"line":28,"column":16},"end":{"line":28,"column":38}},"loc":{"start":{"line":28,"column":50},"end":{"line":30,"column":1}},"line":28},"9":{"name":"triggerReload","decl":{"start":{"line":31,"column":16},"end":{"line":31,"column":29}},"loc":{"start":{"line":31,"column":38},"end":{"line":33,"column":1}},"line":31},"10":{"name":"addPhotos","decl":{"start":{"line":34,"column":16},"end":{"line":34,"column":25}},"loc":{"start":{"line":34,"column":31},"end":{"line":40,"column":1}},"line":34},"11":{"name":"(anonymous_11)","decl":{"start":{"line":36,"column":10},"end":{"line":36,"column":11}},"loc":{"start":{"line":36,"column":18},"end":{"line":38,"column":3}},"line":36},"12":{"name":"resetCategoryData","decl":{"start":{"line":41,"column":16},"end":{"line":41,"column":33}},"loc":{"start":{"line":41,"column":36},"end":{"line":43,"column":1}},"line":41},"13":{"name":"addCategoryData","decl":{"start":{"line":44,"column":16},"end":{"line":44,"column":31}},"loc":{"start":{"line":44,"column":37},"end":{"line":46,"column":1}},"line":44},"14":{"name":"assignCategory","decl":{"start":{"line":47,"column":16},"end":{"line":47,"column":30}},"loc":{"start":{"line":47,"column":68},"end":{"line":49,"column":1}},"line":47},"15":{"name":"deAssignCategory","decl":{"start":{"line":50,"column":16},"end":{"line":50,"column":32}},"loc":{"start":{"line":50,"column":39},"end":{"line":54,"column":1}},"line":50},"16":{"name":"deleteItem","decl":{"start":{"line":55,"column":16},"end":{"line":55,"column":26}},"loc":{"start":{"line":55,"column":33},"end":{"line":58,"column":1}},"line":55},"17":{"name":"deAssignPhotoCategory","decl":{"start":{"line":59,"column":16},"end":{"line":59,"column":37}},"loc":{"start":{"line":59,"column":44},"end":{"line":61,"column":1}},"line":59},"18":{"name":"deletePhoto","decl":{"start":{"line":62,"column":16},"end":{"line":62,"column":27}},"loc":{"start":{"line":62,"column":34},"end":{"line":64,"column":1}},"line":62},"19":{"name":"assignDescription","decl":{"start":{"line":65,"column":16},"end":{"line":65,"column":33}},"loc":{"start":{"line":65,"column":57},"end":{"line":68,"column":1}},"line":65},"20":{"name":"handleCategorySwitch","decl":{"start":{"line":69,"column":16},"end":{"line":69,"column":36}},"loc":{"start":{"line":69,"column":49},"end":{"line":71,"column":1}},"line":69},"21":{"name":"setCurrentPhoto","decl":{"start":{"line":72,"column":16},"end":{"line":72,"column":31}},"loc":{"start":{"line":72,"column":38},"end":{"line":74,"column":1}},"line":72},"22":{"name":"setNeededCategory","decl":{"start":{"line":75,"column":16},"end":{"line":75,"column":33}},"loc":{"start":{"line":75,"column":50},"end":{"line":77,"column":1}},"line":75},"23":{"name":"validateCategory","decl":{"start":{"line":78,"column":16},"end":{"line":78,"column":32}},"loc":{"start":{"line":78,"column":47},"end":{"line":80,"column":1}},"line":78},"24":{"name":"handleSlotModal","decl":{"start":{"line":81,"column":16},"end":{"line":81,"column":31}},"loc":{"start":{"line":81,"column":34},"end":{"line":83,"column":1}},"line":81},"25":{"name":"addPhoto","decl":{"start":{"line":85,"column":16},"end":{"line":85,"column":24}},"loc":{"start":{"line":85,"column":32},"end":{"line":87,"column":1}},"line":85},"26":{"name":"toggleAssignPhotoModal","decl":{"start":{"line":89,"column":16},"end":{"line":89,"column":38}},"loc":{"start":{"line":89,"column":41},"end":{"line":91,"column":1}},"line":89},"27":{"name":"reorderPhoto","decl":{"start":{"line":93,"column":16},"end":{"line":93,"column":28}},"loc":{"start":{"line":93,"column":36},"end":{"line":95,"column":1}},"line":93},"28":{"name":"editPhoto","decl":{"start":{"line":97,"column":16},"end":{"line":97,"column":25}},"loc":{"start":{"line":97,"column":33},"end":{"line":99,"column":1}},"line":97},"29":{"name":"setReloadingCategoriesFlag","decl":{"start":{"line":101,"column":16},"end":{"line":101,"column":42}},"loc":{"start":{"line":101,"column":49},"end":{"line":103,"column":1}},"line":101},"30":{"name":"changeAppState","decl":{"start":{"line":105,"column":16},"end":{"line":105,"column":30}},"loc":{"start":{"line":105,"column":38},"end":{"line":107,"column":1}},"line":105},"31":{"name":"toggleMenu","decl":{"start":{"line":109,"column":16},"end":{"line":109,"column":26}},"loc":{"start":{"line":109,"column":29},"end":{"line":111,"column":1}},"line":109},"32":{"name":"toggleMap","decl":{"start":{"line":113,"column":16},"end":{"line":113,"column":25}},"loc":{"start":{"line":113,"column":28},"end":{"line":115,"column":1}},"line":113},"33":{"name":"toggleAppInfo","decl":{"start":{"line":117,"column":16},"end":{"line":117,"column":29}},"loc":{"start":{"line":117,"column":32},"end":{"line":119,"column":1}},"line":117},"34":{"name":"toggleDescription","decl":{"start":{"line":121,"column":16},"end":{"line":121,"column":33}},"loc":{"start":{"line":121,"column":40},"end":{"line":123,"column":1}},"line":121},"35":{"name":"setCategoryKey","decl":{"start":{"line":125,"column":16},"end":{"line":125,"column":30}},"loc":{"start":{"line":125,"column":36},"end":{"line":127,"column":1}},"line":125},"36":{"name":"getLiveServer","decl":{"start":{"line":129,"column":16},"end":{"line":129,"column":29}},"loc":{"start":{"line":129,"column":32},"end":{"line":135,"column":1}},"line":129},"37":{"name":"(anonymous_37)","decl":{"start":{"line":130,"column":9},"end":{"line":130,"column":10}},"loc":{"start":{"line":130,"column":21},"end":{"line":134,"column":6}},"line":130},"38":{"name":"(anonymous_38)","decl":{"start":{"line":131,"column":10},"end":{"line":131,"column":11}},"loc":{"start":{"line":131,"column":24},"end":{"line":134,"column":5}},"line":131},"39":{"name":"setLiveServer","decl":{"start":{"line":137,"column":16},"end":{"line":137,"column":29}},"loc":{"start":{"line":137,"column":42},"end":{"line":140,"column":1}},"line":137},"40":{"name":"(anonymous_40)","decl":{"start":{"line":138,"column":9},"end":{"line":138,"column":10}},"loc":{"start":{"line":138,"column":21},"end":{"line":139,"column":60}},"line":138},"41":{"name":"(anonymous_41)","decl":{"start":{"line":139,"column":10},"end":{"line":139,"column":11}},"loc":{"start":{"line":139,"column":16},"end":{"line":139,"column":59}},"line":139},"42":{"name":"saveLiveServerInState","decl":{"start":{"line":142,"column":16},"end":{"line":142,"column":37}},"loc":{"start":{"line":142,"column":50},"end":{"line":144,"column":1}},"line":142},"43":{"name":"searchOrders","decl":{"start":{"line":146,"column":16},"end":{"line":146,"column":28}},"loc":{"start":{"line":146,"column":35},"end":{"line":163,"column":1}},"line":146}},"branchMap":{"0":{"loc":{"start":{"line":132,"column":29},"end":{"line":132,"column":70}},"type":"cond-expr","locations":[{"start":{"line":132,"column":52},"end":{"line":132,"column":61}},{"start":{"line":132,"column":64},"end":{"line":132,"column":70}}],"line":132}},"s":{"0":37,"1":0,"2":0,"3":0,"4":0,"5":0,"6":0,"7":11,"8":0,"9":0,"10":0,"11":0,"12":0,"13":0,"14":0,"15":0,"16":0,"17":0,"18":0,"19":0,"20":0,"21":0,"22":0,"23":1,"24":0,"25":0,"26":0,"27":0,"28":0,"29":0,"30":0,"31":1,"32":2,"33":2,"34":2,"35":2,"36":2,"37":2,"38":0,"39":2,"40":2,"41":2,"42":2,"43":2,"44":2,"45":2,"46":2,"47":2,"48":2,"49":6,"50":3,"51":3},"f":{"0":37,"1":0,"2":0,"3":0,"4":0,"5":0,"6":0,"7":11,"8":0,"9":0,"10":0,"11":0,"12":0,"13":0,"14":0,"15":0,"16":0,"17":0,"18":1,"19":0,"20":0,"21":0,"22":0,"23":0,"24":0,"25":1,"26":2,"27":2,"28":2,"29":2,"30":2,"31":2,"32":0,"33":2,"34":2,"35":2,"36":2,"37":2,"38":2,"39":2,"40":2,"41":2,"42":6,"43":3},"b":{"0":[0,2]},"_coverageSchema":"332fd63041d2c1bcb487cc26dd0d5f7d97098a6c","hash":"c375ebb53b09d899139f10f9f08c4239e48d6fc1"}
,"/Users/macbook/work/ImmoInspect/BDD/ImmoInspectONE/immo-inspect-mobile/app/reducers/Api.js": {"path":"/Users/macbook/work/ImmoInspect/BDD/ImmoInspectONE/immo-inspect-mobile/app/reducers/Api.js","statementMap":{"0":{"start":{"line":4,"column":28},"end":{"line":15,"column":1}},"1":{"start":{"line":17,"column":19},"end":{"line":66,"column":1}},"2":{"start":{"line":18,"column":2},"end":{"line":65,"column":3}},"3":{"start":{"line":20,"column":6},"end":{"line":20,"column":43}},"4":{"start":{"line":22,"column":6},"end":{"line":22,"column":45}},"5":{"start":{"line":24,"column":6},"end":{"line":24,"column":48}},"6":{"start":{"line":26,"column":6},"end":{"line":30,"column":8}},"7":{"start":{"line":32,"column":6},"end":{"line":32,"column":45}},"8":{"start":{"line":34,"column":6},"end":{"line":34,"column":52}},"9":{"start":{"line":36,"column":6},"end":{"line":36,"column":63}},"10":{"start":{"line":38,"column":6},"end":{"line":38,"column":59}},"11":{"start":{"line":40,"column":6},"end":{"line":40,"column":48}},"12":{"start":{"line":42,"column":6},"end":{"line":45,"column":8}},"13":{"start":{"line":47,"column":6},"end":{"line":47,"column":59}},"14":{"start":{"line":49,"column":6},"end":{"line":49,"column":49}},"15":{"start":{"line":51,"column":6},"end":{"line":54,"column":8}},"16":{"start":{"line":53,"column":45},"end":{"line":53,"column":70}},"17":{"start":{"line":56,"column":6},"end":{"line":56,"column":60}},"18":{"start":{"line":58,"column":19},"end":{"line":58,"column":57}},"19":{"start":{"line":59,"column":6},"end":{"line":62,"column":8}},"20":{"start":{"line":64,"column":6},"end":{"line":64,"column":18}}},"fnMap":{"0":{"name":"(anonymous_0)","decl":{"start":{"line":17,"column":19},"end":{"line":17,"column":20}},"loc":{"start":{"line":17,"column":53},"end":{"line":66,"column":1}},"line":17},"1":{"name":"(anonymous_1)","decl":{"start":{"line":53,"column":36},"end":{"line":53,"column":37}},"loc":{"start":{"line":53,"column":45},"end":{"line":53,"column":70}},"line":53}},"branchMap":{"0":{"loc":{"start":{"line":17,"column":20},"end":{"line":17,"column":40}},"type":"default-arg","locations":[{"start":{"line":17,"column":28},"end":{"line":17,"column":40}}],"line":17},"1":{"loc":{"start":{"line":18,"column":2},"end":{"line":65,"column":3}},"type":"switch","locations":[{"start":{"line":19,"column":4},"end":{"line":20,"column":43}},{"start":{"line":21,"column":4},"end":{"line":22,"column":45}},{"start":{"line":23,"column":4},"end":{"line":24,"column":48}},{"start":{"line":25,"column":4},"end":{"line":30,"column":8}},{"start":{"line":31,"column":4},"end":{"line":32,"column":45}},{"start":{"line":33,"column":4},"end":{"line":34,"column":52}},{"start":{"line":35,"column":4},"end":{"line":36,"column":63}},{"start":{"line":37,"column":4},"end":{"line":38,"column":59}},{"start":{"line":39,"column":4},"end":{"line":40,"column":48}},{"start":{"line":41,"column":4},"end":{"line":45,"column":8}},{"start":{"line":46,"column":4},"end":{"line":47,"column":59}},{"start":{"line":48,"column":4},"end":{"line":49,"column":49}},{"start":{"line":50,"column":4},"end":{"line":54,"column":8}},{"start":{"line":55,"column":4},"end":{"line":56,"column":60}},{"start":{"line":57,"column":4},"end":{"line":62,"column":8}},{"start":{"line":63,"column":4},"end":{"line":64,"column":18}}],"line":18},"2":{"loc":{"start":{"line":61,"column":24},"end":{"line":61,"column":76}},"type":"cond-expr","locations":[{"start":{"line":61,"column":45},"end":{"line":61,"column":69}},{"start":{"line":61,"column":72},"end":{"line":61,"column":76}}],"line":61}},"s":{"0":7,"1":7,"2":28,"3":0,"4":0,"5":0,"6":1,"7":0,"8":0,"9":0,"10":1,"11":1,"12":1,"13":1,"14":1,"15":1,"16":1,"17":1,"18":2,"19":2,"20":18},"f":{"0":28,"1":1},"b":{"0":[18],"1":[0,0,0,1,0,0,0,1,1,1,1,1,1,1,2,18],"2":[1,1]},"_coverageSchema":"332fd63041d2c1bcb487cc26dd0d5f7d97098a6c","hash":"9e18377c028f79fc33357346b0a2cab6884cedd0"}
,"/Users/macbook/work/ImmoInspect/BDD/ImmoInspectONE/immo-inspect-mobile/app/reducers/App.js": {"path":"/Users/macbook/work/ImmoInspect/BDD/ImmoInspectONE/immo-inspect-mobile/app/reducers/App.js","statementMap":{"0":{"start":{"line":4,"column":28},"end":{"line":59,"column":1}},"1":{"start":{"line":61,"column":28},"end":{"line":90,"column":1}},"2":{"start":{"line":92,"column":19},"end":{"line":394,"column":1}},"3":{"start":{"line":93,"column":2},"end":{"line":393,"column":5}},"4":{"start":{"line":95,"column":6},"end":{"line":95,"column":51}},"5":{"start":{"line":97,"column":6},"end":{"line":97,"column":60}},"6":{"start":{"line":99,"column":6},"end":{"line":99,"column":57}},"7":{"start":{"line":101,"column":6},"end":{"line":101,"column":55}},"8":{"start":{"line":103,"column":6},"end":{"line":103,"column":63}},"9":{"start":{"line":105,"column":6},"end":{"line":105,"column":62}},"10":{"start":{"line":107,"column":6},"end":{"line":111,"column":8}},"11":{"start":{"line":113,"column":6},"end":{"line":113,"column":53}},"12":{"start":{"line":115,"column":6},"end":{"line":115,"column":59}},"13":{"start":{"line":117,"column":6},"end":{"line":122,"column":8}},"14":{"start":{"line":124,"column":6},"end":{"line":127,"column":8}},"15":{"start":{"line":129,"column":6},"end":{"line":131,"column":8}},"16":{"start":{"line":133,"column":6},"end":{"line":135,"column":8}},"17":{"start":{"line":137,"column":6},"end":{"line":137,"column":51}},"18":{"start":{"line":139,"column":6},"end":{"line":139,"column":57}},"19":{"start":{"line":141,"column":6},"end":{"line":148,"column":8}},"20":{"start":{"line":150,"column":6},"end":{"line":153,"column":8}},"21":{"start":{"line":155,"column":6},"end":{"line":160,"column":8}},"22":{"start":{"line":159,"column":80},"end":{"line":159,"column":117}},"23":{"start":{"line":162,"column":6},"end":{"line":162,"column":49}},"24":{"start":{"line":164,"column":6},"end":{"line":164,"column":58}},"25":{"start":{"line":166,"column":6},"end":{"line":166,"column":79}},"26":{"start":{"line":168,"column":30},"end":{"line":168,"column":61}},"27":{"start":{"line":169,"column":6},"end":{"line":177,"column":9}},"28":{"start":{"line":170,"column":8},"end":{"line":176,"column":9}},"29":{"start":{"line":171,"column":10},"end":{"line":175,"column":12}},"30":{"start":{"line":172,"column":12},"end":{"line":174,"column":13}},"31":{"start":{"line":173,"column":14},"end":{"line":173,"column":66}},"32":{"start":{"line":178,"column":6},"end":{"line":182,"column":8}},"33":{"start":{"line":180,"column":50},"end":{"line":180,"column":101}},"34":{"start":{"line":184,"column":6},"end":{"line":187,"column":8}},"35":{"start":{"line":190,"column":31},"end":{"line":191,"column":119}},"36":{"start":{"line":191,"column":31},"end":{"line":191,"column":117}},"37":{"start":{"line":191,"column":89},"end":{"line":191,"column":116}},"38":{"start":{"line":192,"column":20},"end":{"line":192,"column":30}},"39":{"start":{"line":193,"column":7},"end":{"line":200,"column":11}},"40":{"start":{"line":195,"column":10},"end":{"line":199,"column":12}},"41":{"start":{"line":196,"column":12},"end":{"line":198,"column":13}},"42":{"start":{"line":197,"column":14},"end":{"line":197,"column":59}},"43":{"start":{"line":201,"column":8},"end":{"line":201,"column":60}},"44":{"start":{"line":205,"column":32},"end":{"line":205,"column":63}},"45":{"start":{"line":206,"column":8},"end":{"line":217,"column":11}},"46":{"start":{"line":207,"column":10},"end":{"line":213,"column":11}},"47":{"start":{"line":208,"column":12},"end":{"line":212,"column":14}},"48":{"start":{"line":209,"column":14},"end":{"line":211,"column":15}},"49":{"start":{"line":210,"column":16},"end":{"line":210,"column":46}},"50":{"start":{"line":214,"column":10},"end":{"line":216,"column":11}},"51":{"start":{"line":215,"column":12},"end":{"line":215,"column":45}},"52":{"start":{"line":218,"column":8},"end":{"line":228,"column":10}},"53":{"start":{"line":223,"column":12},"end":{"line":225,"column":13}},"54":{"start":{"line":224,"column":14},"end":{"line":224,"column":33}},"55":{"start":{"line":226,"column":12},"end":{"line":226,"column":25}},"56":{"start":{"line":232,"column":30},"end":{"line":232,"column":61}},"57":{"start":{"line":233,"column":6},"end":{"line":243,"column":9}},"58":{"start":{"line":234,"column":8},"end":{"line":242,"column":9}},"59":{"start":{"line":235,"column":10},"end":{"line":241,"column":12}},"60":{"start":{"line":236,"column":12},"end":{"line":240,"column":13}},"61":{"start":{"line":237,"column":14},"end":{"line":237,"column":76}},"62":{"start":{"line":238,"column":19},"end":{"line":240,"column":13}},"63":{"start":{"line":239,"column":14},"end":{"line":239,"column":86}},"64":{"start":{"line":244,"column":6},"end":{"line":263,"column":8}},"65":{"start":{"line":249,"column":10},"end":{"line":261,"column":11}},"66":{"start":{"line":250,"column":12},"end":{"line":253,"column":14}},"67":{"start":{"line":254,"column":17},"end":{"line":261,"column":11}},"68":{"start":{"line":255,"column":12},"end":{"line":258,"column":13}},"69":{"start":{"line":260,"column":12},"end":{"line":260,"column":24}},"70":{"start":{"line":267,"column":32},"end":{"line":267,"column":63}},"71":{"start":{"line":268,"column":8},"end":{"line":279,"column":11}},"72":{"start":{"line":269,"column":10},"end":{"line":278,"column":11}},"73":{"start":{"line":270,"column":12},"end":{"line":277,"column":14}},"74":{"start":{"line":271,"column":14},"end":{"line":273,"column":15}},"75":{"start":{"line":272,"column":16},"end":{"line":272,"column":46}},"76":{"start":{"line":274,"column":14},"end":{"line":276,"column":15}},"77":{"start":{"line":275,"column":16},"end":{"line":275,"column":49}},"78":{"start":{"line":280,"column":8},"end":{"line":284,"column":10}},"79":{"start":{"line":289,"column":34},"end":{"line":289,"column":65}},"80":{"start":{"line":290,"column":8},"end":{"line":298,"column":11}},"81":{"start":{"line":291,"column":10},"end":{"line":297,"column":11}},"82":{"start":{"line":292,"column":12},"end":{"line":296,"column":14}},"83":{"start":{"line":293,"column":14},"end":{"line":295,"column":15}},"84":{"start":{"line":294,"column":16},"end":{"line":294,"column":101}},"85":{"start":{"line":299,"column":8},"end":{"line":303,"column":10}},"86":{"start":{"line":307,"column":34},"end":{"line":307,"column":65}},"87":{"start":{"line":308,"column":8},"end":{"line":316,"column":11}},"88":{"start":{"line":309,"column":10},"end":{"line":315,"column":11}},"89":{"start":{"line":310,"column":12},"end":{"line":314,"column":14}},"90":{"start":{"line":311,"column":14},"end":{"line":313,"column":15}},"91":{"start":{"line":312,"column":16},"end":{"line":312,"column":46}},"92":{"start":{"line":317,"column":8},"end":{"line":321,"column":10}},"93":{"start":{"line":325,"column":8},"end":{"line":325,"column":103}},"94":{"start":{"line":325,"column":72},"end":{"line":325,"column":99}},"95":{"start":{"line":329,"column":32},"end":{"line":329,"column":61}},"96":{"start":{"line":330,"column":8},"end":{"line":334,"column":11}},"97":{"start":{"line":331,"column":10},"end":{"line":333,"column":11}},"98":{"start":{"line":332,"column":14},"end":{"line":332,"column":33}},"99":{"start":{"line":335,"column":8},"end":{"line":335,"column":57}},"100":{"start":{"line":339,"column":30},"end":{"line":339,"column":61}},"101":{"start":{"line":340,"column":6},"end":{"line":356,"column":7}},"102":{"start":{"line":342,"column":10},"end":{"line":342,"column":52}},"103":{"start":{"line":343,"column":10},"end":{"line":343,"column":54}},"104":{"start":{"line":344,"column":10},"end":{"line":344,"column":54}},"105":{"start":{"line":345,"column":10},"end":{"line":345,"column":16}},"106":{"start":{"line":347,"column":10},"end":{"line":347,"column":52}},"107":{"start":{"line":348,"column":10},"end":{"line":348,"column":54}},"108":{"start":{"line":349,"column":10},"end":{"line":349,"column":16}},"109":{"start":{"line":351,"column":10},"end":{"line":351,"column":52}},"110":{"start":{"line":352,"column":10},"end":{"line":352,"column":54}},"111":{"start":{"line":353,"column":10},"end":{"line":353,"column":16}},"112":{"start":{"line":355,"column":10},"end":{"line":355,"column":16}},"113":{"start":{"line":357,"column":6},"end":{"line":357,"column":58}},"114":{"start":{"line":361,"column":26},"end":{"line":361,"column":27}},"115":{"start":{"line":361,"column":41},"end":{"line":361,"column":42}},"116":{"start":{"line":361,"column":62},"end":{"line":361,"column":63}},"117":{"start":{"line":362,"column":34},"end":{"line":362,"column":65}},"118":{"start":{"line":363,"column":10},"end":{"line":384,"column":51}},"119":{"start":{"line":365,"column":14},"end":{"line":380,"column":15}},"120":{"start":{"line":366,"column":43},"end":{"line":366,"column":112}},"121":{"start":{"line":366,"column":73},"end":{"line":366,"column":100}},"122":{"start":{"line":367,"column":37},"end":{"line":367,"column":65}},"123":{"start":{"line":368,"column":33},"end":{"line":368,"column":92}},"124":{"start":{"line":369,"column":16},"end":{"line":369,"column":117}},"125":{"start":{"line":369,"column":49},"end":{"line":369,"column":115}},"126":{"start":{"line":370,"column":16},"end":{"line":370,"column":63}},"127":{"start":{"line":371,"column":16},"end":{"line":373,"column":17}},"128":{"start":{"line":372,"column":18},"end":{"line":372,"column":46}},"129":{"start":{"line":374,"column":16},"end":{"line":376,"column":17}},"130":{"start":{"line":375,"column":18},"end":{"line":375,"column":44}},"131":{"start":{"line":377,"column":16},"end":{"line":379,"column":17}},"132":{"start":{"line":378,"column":18},"end":{"line":378,"column":45}},"133":{"start":{"line":381,"column":14},"end":{"line":381,"column":30}},"134":{"start":{"line":383,"column":35},"end":{"line":384,"column":49}},"135":{"start":{"line":385,"column":8},"end":{"line":389,"column":10}},"136":{"start":{"line":392,"column":8},"end":{"line":392,"column":21}}},"fnMap":{"0":{"name":"(anonymous_0)","decl":{"start":{"line":92,"column":19},"end":{"line":92,"column":20}},"loc":{"start":{"line":92,"column":53},"end":{"line":394,"column":1}},"line":92},"1":{"name":"(anonymous_1)","decl":{"start":{"line":159,"column":72},"end":{"line":159,"column":73}},"loc":{"start":{"line":159,"column":80},"end":{"line":159,"column":117}},"line":159},"2":{"name":"(anonymous_2)","decl":{"start":{"line":169,"column":28},"end":{"line":169,"column":29}},"loc":{"start":{"line":169,"column":47},"end":{"line":177,"column":7}},"line":169},"3":{"name":"(anonymous_3)","decl":{"start":{"line":171,"column":44},"end":{"line":171,"column":45}},"loc":{"start":{"line":171,"column":62},"end":{"line":175,"column":11}},"line":171},"4":{"name":"(anonymous_4)","decl":{"start":{"line":180,"column":41},"end":{"line":180,"column":42}},"loc":{"start":{"line":180,"column":50},"end":{"line":180,"column":101}},"line":180},"5":{"name":"(anonymous_5)","decl":{"start":{"line":191,"column":17},"end":{"line":191,"column":18}},"loc":{"start":{"line":191,"column":31},"end":{"line":191,"column":117}},"line":191},"6":{"name":"(anonymous_6)","decl":{"start":{"line":191,"column":81},"end":{"line":191,"column":82}},"loc":{"start":{"line":191,"column":89},"end":{"line":191,"column":116}},"line":191},"7":{"name":"(anonymous_7)","decl":{"start":{"line":194,"column":14},"end":{"line":194,"column":15}},"loc":{"start":{"line":194,"column":37},"end":{"line":200,"column":9}},"line":194},"8":{"name":"(anonymous_8)","decl":{"start":{"line":195,"column":21},"end":{"line":195,"column":22}},"loc":{"start":{"line":195,"column":32},"end":{"line":199,"column":11}},"line":195},"9":{"name":"(anonymous_9)","decl":{"start":{"line":206,"column":30},"end":{"line":206,"column":31}},"loc":{"start":{"line":206,"column":44},"end":{"line":217,"column":9}},"line":206},"10":{"name":"(anonymous_10)","decl":{"start":{"line":208,"column":32},"end":{"line":208,"column":33}},"loc":{"start":{"line":208,"column":48},"end":{"line":212,"column":13}},"line":208},"11":{"name":"(anonymous_11)","decl":{"start":{"line":222,"column":43},"end":{"line":222,"column":44}},"loc":{"start":{"line":222,"column":54},"end":{"line":227,"column":11}},"line":222},"12":{"name":"(anonymous_12)","decl":{"start":{"line":233,"column":28},"end":{"line":233,"column":29}},"loc":{"start":{"line":233,"column":40},"end":{"line":243,"column":7}},"line":233},"13":{"name":"(anonymous_13)","decl":{"start":{"line":235,"column":34},"end":{"line":235,"column":35}},"loc":{"start":{"line":235,"column":50},"end":{"line":241,"column":11}},"line":235},"14":{"name":"(anonymous_14)","decl":{"start":{"line":248,"column":41},"end":{"line":248,"column":42}},"loc":{"start":{"line":248,"column":52},"end":{"line":262,"column":9}},"line":248},"15":{"name":"(anonymous_15)","decl":{"start":{"line":268,"column":30},"end":{"line":268,"column":31}},"loc":{"start":{"line":268,"column":44},"end":{"line":279,"column":9}},"line":268},"16":{"name":"(anonymous_16)","decl":{"start":{"line":270,"column":32},"end":{"line":270,"column":33}},"loc":{"start":{"line":270,"column":48},"end":{"line":277,"column":13}},"line":270},"17":{"name":"(anonymous_17)","decl":{"start":{"line":290,"column":30},"end":{"line":290,"column":31}},"loc":{"start":{"line":290,"column":44},"end":{"line":298,"column":9}},"line":290},"18":{"name":"(anonymous_18)","decl":{"start":{"line":292,"column":32},"end":{"line":292,"column":33}},"loc":{"start":{"line":292,"column":48},"end":{"line":296,"column":13}},"line":292},"19":{"name":"(anonymous_19)","decl":{"start":{"line":308,"column":30},"end":{"line":308,"column":31}},"loc":{"start":{"line":308,"column":44},"end":{"line":316,"column":9}},"line":308},"20":{"name":"(anonymous_20)","decl":{"start":{"line":310,"column":32},"end":{"line":310,"column":33}},"loc":{"start":{"line":310,"column":48},"end":{"line":314,"column":13}},"line":310},"21":{"name":"(anonymous_21)","decl":{"start":{"line":325,"column":63},"end":{"line":325,"column":64}},"loc":{"start":{"line":325,"column":72},"end":{"line":325,"column":99}},"line":325},"22":{"name":"(anonymous_22)","decl":{"start":{"line":330,"column":28},"end":{"line":330,"column":29}},"loc":{"start":{"line":330,"column":39},"end":{"line":334,"column":9}},"line":330},"23":{"name":"(anonymous_23)","decl":{"start":{"line":364,"column":17},"end":{"line":364,"column":18}},"loc":{"start":{"line":364,"column":31},"end":{"line":382,"column":11}},"line":364},"24":{"name":"(anonymous_24)","decl":{"start":{"line":366,"column":65},"end":{"line":366,"column":66}},"loc":{"start":{"line":366,"column":73},"end":{"line":366,"column":100}},"line":366},"25":{"name":"(anonymous_25)","decl":{"start":{"line":369,"column":40},"end":{"line":369,"column":41}},"loc":{"start":{"line":369,"column":49},"end":{"line":369,"column":115}},"line":369},"26":{"name":"(anonymous_26)","decl":{"start":{"line":383,"column":21},"end":{"line":383,"column":22}},"loc":{"start":{"line":383,"column":35},"end":{"line":384,"column":49}},"line":383}},"branchMap":{"0":{"loc":{"start":{"line":92,"column":20},"end":{"line":92,"column":40}},"type":"default-arg","locations":[{"start":{"line":92,"column":28},"end":{"line":92,"column":40}}],"line":92},"1":{"loc":{"start":{"line":93,"column":2},"end":{"line":393,"column":5}},"type":"switch","locations":[{"start":{"line":94,"column":4},"end":{"line":95,"column":51}},{"start":{"line":96,"column":4},"end":{"line":97,"column":60}},{"start":{"line":98,"column":4},"end":{"line":99,"column":57}},{"start":{"line":100,"column":4},"end":{"line":101,"column":55}},{"start":{"line":102,"column":4},"end":{"line":103,"column":63}},{"start":{"line":104,"column":4},"end":{"line":105,"column":62}},{"start":{"line":106,"column":4},"end":{"line":111,"column":8}},{"start":{"line":112,"column":4},"end":{"line":113,"column":53}},{"start":{"line":114,"column":4},"end":{"line":115,"column":59}},{"start":{"line":116,"column":4},"end":{"line":122,"column":8}},{"start":{"line":123,"column":4},"end":{"line":127,"column":8}},{"start":{"line":128,"column":4},"end":{"line":131,"column":8}},{"start":{"line":132,"column":4},"end":{"line":135,"column":8}},{"start":{"line":136,"column":4},"end":{"line":137,"column":51}},{"start":{"line":138,"column":4},"end":{"line":139,"column":57}},{"start":{"line":140,"column":4},"end":{"line":148,"column":8}},{"start":{"line":149,"column":4},"end":{"line":153,"column":8}},{"start":{"line":154,"column":4},"end":{"line":160,"column":8}},{"start":{"line":161,"column":4},"end":{"line":162,"column":49}},{"start":{"line":163,"column":4},"end":{"line":164,"column":58}},{"start":{"line":165,"column":4},"end":{"line":166,"column":79}},{"start":{"line":167,"column":4},"end":{"line":182,"column":8}},{"start":{"line":183,"column":4},"end":{"line":187,"column":8}},{"start":{"line":188,"column":4},"end":{"line":202,"column":9}},{"start":{"line":203,"column":4},"end":{"line":229,"column":7}},{"start":{"line":230,"column":4},"end":{"line":264,"column":5}},{"s
[...]
,"/Users/macbook/work/ImmoInspect/BDD/ImmoInspectONE/immo-inspect-mobile/app/views/questionnaire/inspection-fields/InspectionFieldChoiceMultiple.js": {"path":"/Users/macbook/work/ImmoInspect/BDD/ImmoInspectONE/immo-inspect-mobile/app/views/questionnaire/inspection-fields/InspectionFieldChoiceMultiple.js","statementMap":{"0":{"start":{"line":14,"column":2},"end":{"line":14,"column":38}},"1":{"start":{"line":16,"column":22},"end":{"line":16,"column":87}},"2":{"start":{"line":18,"column":22},"end":{"line":18,"column":33}},"3":{"start":{"line":20,"column":2},"end":{"line":20,"column":45}},"4":{"start":{"line":22,"column":29},"end":{"line":24,"column":8}},"5":{"start":{"line":23,"column":44},"end":{"line":23,"column":103}},"6":{"start":{"line":26,"column":22},"end":{"line":41,"column":3}},"7":{"start":{"line":27,"column":26},"end":{"line":27,"column":71}},"8":{"start":{"line":27,"column":53},"end":{"line":27,"column":70}},"9":{"start":{"line":28,"column":6},"end":{"line":39,"column":7}},"10":{"start":{"line":32,"column":25},"end":{"line":34,"column":11}},"11":{"start":{"line":32,"column":85},"end":{"line":32,"column":102}},"12":{"start":{"line":43,"column":2},"end":{"line":53,"column":4}},"13":{"start":{"line":48,"column":36},"end":{"line":48,"column":86}},"14":{"start":{"line":56,"column":0},"end":{"line":65,"column":2}},"15":{"start":{"line":67,"column":0},"end":{"line":72,"column":2}},"16":{"start":{"line":74,"column":15},"end":{"line":89,"column":2}}},"fnMap":{"0":{"name":"InspectionFieldChoiceMultiple","decl":{"start":{"line":12,"column":16},"end":{"line":12,"column":45}},"loc":{"start":{"line":12,"column":119},"end":{"line":54,"column":1}},"line":12},"1":{"name":"(anonymous_1)","decl":{"start":{"line":23,"column":27},"end":{"line":23,"column":28}},"loc":{"start":{"line":23,"column":44},"end":{"line":23,"column":103}},"line":23},"2":{"name":"(anonymous_2)","decl":{"start":{"line":26,"column":34},"end":{"line":26,"column":35}},"loc":{"start":{"line":26,"column":51},"end":{"line":40,"column":5}},"line":26},"3":{"name":"(anonymous_3)","decl":{"start":{"line":27,"column":43},"end":{"line":27,"column":44}},"loc":{"start":{"line":27,"column":53},"end":{"line":27,"column":70}},"line":27},"4":{"name":"(anonymous_4)","decl":{"start":{"line":32,"column":19},"end":{"line":32,"column":20}},"loc":{"start":{"line":32,"column":25},"end":{"line":34,"column":11}},"line":32},"5":{"name":"(anonymous_5)","decl":{"start":{"line":32,"column":75},"end":{"line":32,"column":76}},"loc":{"start":{"line":32,"column":85},"end":{"line":32,"column":102}},"line":32},"6":{"name":"(anonymous_6)","decl":{"start":{"line":48,"column":20},"end":{"line":48,"column":21}},"loc":{"start":{"line":48,"column":36},"end":{"line":48,"column":86}},"line":48}},"branchMap":{"0":{"loc":{"start":{"line":14,"column":18},"end":{"line":14,"column":37}},"type":"binary-expr","locations":[{"start":{"line":14,"column":18},"end":{"line":14,"column":31}},{"start":{"line":14,"column":35},"end":{"line":14,"column":37}}],"line":14},"1":{"loc":{"start":{"line":16,"column":22},"end":{"line":16,"column":87}},"type":"cond-expr","locations":[{"start":{"line":16,"column":45},"end":{"line":16,"column":58}},{"start":{"line":16,"column":62},"end":{"line":16,"column":86}}],"line":16},"2":{"loc":{"start":{"line":16,"column":62},"end":{"line":16,"column":86}},"type":"binary-expr","locations":[{"start":{"line":16,"column":62},"end":{"line":16,"column":80}},{"start":{"line":16,"column":84},"end":{"line":16,"column":86}}],"line":16},"3":{"loc":{"start":{"line":18,"column":22},"end":{"line":18,"column":33}},"type":"binary-expr","locations":[{"start":{"line":18,"column":22},"end":{"line":18,"column":27}},{"start":{"line":18,"column":31},"end":{"line":18,"column":33}}],"line":18},"4":{"loc":{"start":{"line":20,"column":10},"end":{"line":20,"column":44}},"type":"cond-expr","locations":[{"start":{"line":20,"column":25},"end":{"line":20,"column":30}},{"start":{"line":20,"column":33},"end":{"line":20,"column":44}}],"line":20},"5":{"loc":{"start":{"line":22,"column":29},"end":{"line":24,"column":8}},"type":"cond-expr","locations":[{"start":{"line":23,"column":4},"end":{"line":23,"column":104}},{"start":{"line":24,"column":4},"end":{"line":24,"column":8}}],"line":22},"6":{"loc":{"start":{"line":22,"column":29},"end":{"line":22,"column":71}},"type":"binary-expr","locations":[{"start":{"line":22,"column":29},"end":{"line":22,"column":47}},{"start":{"line":22,"column":51},"end":{"line":22,"column":71}}],"line":22},"7":{"loc":{"start":{"line":32,"column":40},"end":{"line":33,"column":40}},"type":"cond-expr","locations":[{"start":{"line":32,"column":56},"end":{"line":32,"column":103}},{"start":{"line":33,"column":12},"end":{"line":33,"column":40}}],"line":32},"8":{"loc":{"start":{"line":35,"column":56},"end":{"line":35,"column":91}},"type":"cond-expr","locations":[{"start":{"line":35,"column":72},"end":{"line":35,"column":81}},{"start":{"line":35,"column":84},"end":{"line":35,"column":91}}],"line":35},"9":{"loc":{"start":{"line":47,"column":8},"end":{"line":49,"column":81}},"type":"cond-expr","locations":[{"start":{"line":48,"column":10},"end":{"line":48,"column":87}},{"start":{"line":49,"column":10},"end":{"line":49,"column":81}}],"line":47},"10":{"loc":{"start":{"line":51,"column":7},"end":{"line":51,"column":83}},"type":"binary-expr","locations":[{"start":{"line":51,"column":7},"end":{"line":51,"column":22}},{"start":{"line":51,"column":26},"end":{"line":51,"column":83}}],"line":51}},"s":{"0":14,"1":14,"2":14,"3":14,"4":14,"5":1,"6":14,"7":42,"8":50,"9":42,"10":0,"11":0,"12":14,"13":23,"14":2,"15":2,"16":2},"f":{"0":14,"1":1,"2":42,"3":50,"4":0,"5":0,"6":23},"b":{"0":[14,0],"1":[12,2],"2":[2,1],"3":[14,0],"4":[10,4],"5":[1,13],"6":[14,2],"7":[0,0],"8":[20,22],"9":[13,1],"10":[14,13]},"_coverageSchema":"332fd63041d2c1bcb487cc26dd0d5f7d97098a6c","hash":"058f2e4c7a694f170727ba4f2f1a22cbd53eeec3"}
,"/Users/macbook/work/ImmoInspect/BDD/ImmoInspectONE/immo-inspect-mobile/app/views/questionnaire/inspection-fields/InspectionFieldChoiceSingle.js": {"path":"/Users/macbook/work/ImmoInspect/BDD/ImmoInspectONE/immo-inspect-mobile/app/views/questionnaire/inspection-fields/InspectionFieldChoiceSingle.js","statementMap":{"0":{"start":{"line":14,"column":22},"end":{"line":20,"column":3}},"1":{"start":{"line":15,"column":4},"end":{"line":19,"column":23}},"2":{"start":{"line":17,"column":37},"end":{"line":17,"column":101}},"3":{"start":{"line":22,"column":2},"end":{"line":32,"column":4}},"4":{"start":{"line":35,"column":0},"end":{"line":43,"column":2}},"5":{"start":{"line":45,"column":15},"end":{"line":55,"column":2}}},"fnMap":{"0":{"name":"InspectionFieldChoiceSingle","decl":{"start":{"line":12,"column":16},"end":{"line":12,"column":43}},"loc":{"start":{"line":12,"column":122},"end":{"line":33,"column":1}},"line":12},"1":{"name":"(anonymous_1)","decl":{"start":{"line":14,"column":34},"end":{"line":14,"column":35}},"loc":{"start":{"line":15,"column":4},"end":{"line":19,"column":23}},"line":15},"2":{"name":"(anonymous_2)","decl":{"start":{"line":17,"column":31},"end":{"line":17,"column":32}},"loc":{"start":{"line":17,"column":37},"end":{"line":17,"column":101}},"line":17}},"branchMap":{"0":{"loc":{"start":{"line":17,"column":52},"end":{"line":17,"column":78}},"type":"cond-expr","locations":[{"start":{"line":17,"column":69},"end":{"line":17,"column":73}},{"start":{"line":17,"column":76},"end":{"line":17,"column":78}}],"line":17},"1":{"loc":{"start":{"line":18,"column":52},"end":{"line":18,"column":88}},"type":"cond-expr","locations":[{"start":{"line":18,"column":69},"end":{"line":18,"column":78}},{"start":{"line":18,"column":81},"end":{"line":18,"column":88}}],"line":18},"2":{"loc":{"start":{"line":26,"column":8},"end":{"line":28,"column":80}},"type":"cond-expr","locations":[{"start":{"line":27,"column":10},"end":{"line":27,"column":50}},{"start":{"line":28,"column":10},"end":{"line":28,"column":80}}],"line":26},"3":{"loc":{"start":{"line":30,"column":7},"end":{"line":30,"column":83}},"type":"binary-expr","locations":[{"start":{"line":30,"column":7},"end":{"line":30,"column":22}},{"start":{"line":30,"column":26},"end":{"line":30,"column":83}}],"line":30}},"s":{"0":9,"1":18,"2":0,"3":9,"4":2,"5":2},"f":{"0":9,"1":18,"2":0},"b":{"0":[0,0],"1":[0,18],"2":[8,1],"3":[9,8]},"_coverageSchema":"332fd63041d2c1bcb487cc26dd0d5f7d97098a6c","hash":"6a7644761b4fb9e6c69803364ff903b9af7167a0"}
,"/Users/macbook/work/ImmoInspect/BDD/ImmoInspectONE/immo-inspect-mobile/app/views/questionnaire/inspection-fields/InspectionFieldDate.js": {"path":"/Users/macbook/work/ImmoInspect/BDD/ImmoInspectONE/immo-inspect-mobile/app/views/questionnaire/inspection-fields/InspectionFieldDate.js","statementMap":{"0":{"start":{"line":17,"column":4},"end":{"line":17,"column":89}},"1":{"start":{"line":24,"column":82},"end":{"line":24,"column":92}},"2":{"start":{"line":25,"column":4},"end":{"line":45,"column":6}},"3":{"start":{"line":29,"column":29},"end":{"line":29,"column":57}},"4":{"start":{"line":39,"column":12},"end":{"line":39,"column":44}},"5":{"start":{"line":40,"column":12},"end":{"line":40,"column":21}},"6":{"start":{"line":42,"column":32},"end":{"line":42,"column":68}},"7":{"start":{"line":49,"column":0},"end":{"line":55,"column":2}},"8":{"start":{"line":57,"column":15},"end":{"line":77,"column":2}}},"fnMap":{"0":{"name":"(anonymous_0)","decl":{"start":{"line":16,"column":2},"end":{"line":16,"column":3}},"loc":{"start":{"line":16,"column":32},"end":{"line":18,"column":3}},"line":16},"1":{"name":"(anonymous_1)","decl":{"start":{"line":23,"column":2},"end":{"line":23,"column":3}},"loc":{"start":{"line":23,"column":11},"end":{"line":46,"column":3}},"line":23},"2":{"name":"(anonymous_2)","decl":{"start":{"line":29,"column":15},"end":{"line":29,"column":16}},"loc":{"start":{"line":29,"column":29},"end":{"line":29,"column":57}},"line":29},"3":{"name":"(anonymous_3)","decl":{"start":{"line":38,"column":23},"end":{"line":38,"column":24}},"loc":{"start":{"line":38,"column":29},"end":{"line":41,"column":11}},"line":38},"4":{"name":"(anonymous_4)","decl":{"start":{"line":42,"column":24},"end":{"line":42,"column":25}},"loc":{"start":{"line":42,"column":32},"end":{"line":42,"column":68}},"line":42}},"branchMap":{"0":{"loc":{"start":{"line":17,"column":11},"end":{"line":17,"column":88}},"type":"binary-expr","locations":[{"start":{"line":17,"column":11},"end":{"line":17,"column":31}},{"start":{"line":17,"column":35},"end":{"line":17,"column":55}},{"start":{"line":17,"column":59},"end":{"line":17,"column":88}}],"line":17}},"s":{"0":0,"1":4,"2":4,"3":0,"4":0,"5":0,"6":0,"7":2,"8":2},"f":{"0":0,"1":4,"2":0,"3":0,"4":0},"b":{"0":[0,0,0]},"_coverageSchema":"332fd63041d2c1bcb487cc26dd0d5f7d97098a6c","hash":"6bd10bf66181966c706099cd3b356f4ce5eada1b"}
,"/Users/macbook/work/ImmoInspect/BDD/ImmoInspectONE/immo-inspect-mobile/app/views/questionnaire/inspection-fields/InspectionFieldText.js": {"path":"/Users/macbook/work/ImmoInspect/BDD/ImmoInspectONE/immo-inspect-mobile/app/views/questionnaire/inspection-fields/InspectionFieldText.js","statementMap":{"0":{"start":{"line":16,"column":5},"end":{"line":22,"column":6}},"1":{"start":{"line":17,"column":7},"end":{"line":17,"column":26}},"2":{"start":{"line":18,"column":7},"end":{"line":18,"column":33}},"3":{"start":{"line":19,"column":12},"end":{"line":22,"column":6}},"4":{"start":{"line":20,"column":7},"end":{"line":20,"column":34}},"5":{"start":{"line":21,"column":7},"end":{"line":21,"column":25}},"6":{"start":{"line":29,"column":91},"end":{"line":29,"column":101}},"7":{"start":{"line":30,"column":4},"end":{"line":47,"column":6}},"8":{"start":{"line":34,"column":24},"end":{"line":34,"column":42}},"9":{"start":{"line":44,"column":34},"end":{"line":44,"column":54}},"10":{"start":{"line":51,"column":0},"end":{"line":59,"column":2}},"11":{"start":{"line":61,"column":0},"end":{"line":64,"column":2}},"12":{"start":{"line":66,"column":15},"end":{"line":80,"column":2}}},"fnMap":{"0":{"name":"(anonymous_0)","decl":{"start":{"line":15,"column":2},"end":{"line":15,"column":3}},"loc":{"start":{"line":15,"column":32},"end":{"line":23,"column":3}},"line":15},"1":{"name":"(anonymous_1)","decl":{"start":{"line":28,"column":2},"end":{"line":28,"column":3}},"loc":{"start":{"line":28,"column":11},"end":{"line":48,"column":3}},"line":28},"2":{"name":"(anonymous_2)","decl":{"start":{"line":34,"column":15},"end":{"line":34,"column":16}},"loc":{"start":{"line":34,"column":24},"end":{"line":34,"column":42}},"line":34},"3":{"name":"(anonymous_3)","decl":{"start":{"line":44,"column":24},"end":{"line":44,"column":25}},"loc":{"start":{"line":44,"column":34},"end":{"line":44,"column":54}},"line":44}},"branchMap":{"0":{"loc":{"start":{"line":16,"column":5},"end":{"line":22,"column":6}},"type":"if","locations":[{"start":{"line":16,"column":5},"end":{"line":22,"column":6}},{"start":{"line":16,"column":5},"end":{"line":22,"column":6}}],"line":16},"1":{"loc":{"start":{"line":16,"column":9},"end":{"line":16,"column":53}},"type":"binary-expr","locations":[{"start":{"line":16,"column":9},"end":{"line":16,"column":29}},{"start":{"line":16,"column":33},"end":{"line":16,"column":53}}],"line":16},"2":{"loc":{"start":{"line":19,"column":12},"end":{"line":22,"column":6}},"type":"if","locations":[{"start":{"line":19,"column":12},"end":{"line":22,"column":6}},{"start":{"line":19,"column":12},"end":{"line":22,"column":6}}],"line":19},"3":{"loc":{"start":{"line":19,"column":16},"end":{"line":19,"column":60}},"type":"binary-expr","locations":[{"start":{"line":19,"column":16},"end":{"line":19,"column":35}},{"start":{"line":19,"column":39},"end":{"line":19,"column":60}}],"line":19},"4":{"loc":{"start":{"line":31,"column":53},"end":{"line":31,"column":81}},"type":"cond-expr","locations":[{"start":{"line":31,"column":67},"end":{"line":31,"column":72}},{"start":{"line":31,"column":75},"end":{"line":31,"column":81}}],"line":31},"5":{"loc":{"start":{"line":31,"column":95},"end":{"line":31,"column":132}},"type":"cond-expr","locations":[{"start":{"line":31,"column":109},"end":{"line":31,"column":121}},{"start":{"line":31,"column":124},"end":{"line":31,"column":132}}],"line":31},"6":{"loc":{"start":{"line":35,"column":46},"end":{"line":35,"column":66}},"type":"cond-expr","locations":[{"start":{"line":35,"column":60},"end":{"line":35,"column":62}},{"start":{"line":35,"column":65},"end":{"line":35,"column":66}}],"line":35},"7":{"loc":{"start":{"line":35,"column":79},"end":{"line":35,"column":110}},"type":"cond-expr","locations":[{"start":{"line":35,"column":93},"end":{"line":35,"column":99}},{"start":{"line":35,"column":102},"end":{"line":35,"column":110}}],"line":35},"8":{"loc":{"start":{"line":36,"column":24},"end":{"line":36,"column":65}},"type":"cond-expr","locations":[{"start":{"line":36,"column":41},"end":{"line":36,"column":53}},{"start":{"line":36,"column":56},"end":{"line":36,"column":65}}],"line":36},"9":{"loc":{"start":{"line":41,"column":17},"end":{"line":41,"column":28}},"type":"binary-expr","locations":[{"start":{"line":41,"column":17},"end":{"line":41,"column":22}},{"start":{"line":41,"column":26},"end":{"line":41,"column":28}}],"line":41}},"s":{"0":0,"1":0,"2":0,"3":0,"4":0,"5":0,"6":9,"7":9,"8":0,"9":0,"10":2,"11":2,"12":2},"f":{"0":0,"1":9,"2":0,"3":0},"b":{"0":[0,0],"1":[0,0],"2":[0,0],"3":[0,0],"4":[1,8],"5":[1,8],"6":[1,8],"7":[1,8],"8":[1,8],"9":[9,1]},"_coverageSchema":"332fd63041d2c1bcb487cc26dd0d5f7d97098a6c","hash":"06806a4751daee39f9712d080ae1fcbe373d65ee"}
,"/Users/macbook/work/ImmoInspect/BDD/ImmoInspectONE/immo-inspect-mobile/app/views/questionnaire/reducers/Questionnaire.reducer.js": {"path":"/Users/macbook/work/ImmoInspect/BDD/ImmoInspectONE/immo-inspect-mobile/app/views/questionnaire/reducers/Questionnaire.reducer.js","statementMap":{"0":{"start":{"line":3,"column":28},"end":{"line":8,"column":1}},"1":{"start":{"line":10,"column":29},"end":{"line":47,"column":1}},"2":{"start":{"line":11,"column":2},"end":{"line":46,"column":3}},"3":{"start":{"line":13,"column":6},"end":{"line":16,"column":8}},"4":{"start":{"line":15,"column":42},"end":{"line":15,"column":114}},"5":{"start":{"line":18,"column":6},"end":{"line":21,"column":8}},"6":{"start":{"line":23,"column":27},"end":{"line":23,"column":86}},"7":{"start":{"line":23,"column":59},"end":{"line":23,"column":85}},"8":{"start":{"line":24,"column":6},"end":{"line":27,"column":8}},"9":{"start":{"line":29,"column":20},"end":{"line":29,"column":79}},"10":{"start":{"line":29,"column":52},"end":{"line":29,"column":78}},"11":{"start":{"line":30,"column":6},"end":{"line":33,"column":8}},"12":{"start":{"line":35,"column":6},"end":{"line":38,"column":8}},"13":{"start":{"line":40,"column":6},"end":{"line":43,"column":8}},"14":{"start":{"line":45,"column":6},"end":{"line":45,"column":18}}},"fnMap":{"0":{"name":"(anonymous_0)","decl":{"start":{"line":10,"column":29},"end":{"line":10,"column":30}},"loc":{"start":{"line":10,"column":63},"end":{"line":47,"column":1}},"line":10},"1":{"name":"(anonymous_1)","decl":{"start":{"line":15,"column":33},"end":{"line":15,"column":34}},"loc":{"start":{"line":15,"column":42},"end":{"line":15,"column":114}},"line":15},"2":{"name":"(anonymous_2)","decl":{"start":{"line":23,"column":50},"end":{"line":23,"column":51}},"loc":{"start":{"line":23,"column":59},"end":{"line":23,"column":85}},"line":23},"3":{"name":"(anonymous_3)","decl":{"start":{"line":29,"column":43},"end":{"line":29,"column":44}},"loc":{"start":{"line":29,"column":52},"end":{"line":29,"column":78}},"line":29}},"branchMap":{"0":{"loc":{"start":{"line":10,"column":30},"end":{"line":10,"column":50}},"type":"default-arg","locations":[{"start":{"line":10,"column":38},"end":{"line":10,"column":50}}],"line":10},"1":{"loc":{"start":{"line":11,"column":2},"end":{"line":46,"column":3}},"type":"switch","locations":[{"start":{"line":12,"column":4},"end":{"line":16,"column":8}},{"start":{"line":17,"column":4},"end":{"line":21,"column":8}},{"start":{"line":22,"column":4},"end":{"line":27,"column":8}},{"start":{"line":28,"column":4},"end":{"line":33,"column":8}},{"start":{"line":34,"column":4},"end":{"line":38,"column":8}},{"start":{"line":39,"column":4},"end":{"line":43,"column":8}},{"start":{"line":44,"column":4},"end":{"line":45,"column":18}}],"line":11},"2":{"loc":{"start":{"line":15,"column":42},"end":{"line":15,"column":114}},"type":"cond-expr","locations":[{"start":{"line":15,"column":67},"end":{"line":15,"column":106}},{"start":{"line":15,"column":109},"end":{"line":15,"column":114}}],"line":15},"3":{"loc":{"start":{"line":26,"column":35},"end":{"line":26,"column":67}},"type":"cond-expr","locations":[{"start":{"line":26,"column":51},"end":{"line":26,"column":52}},{"start":{"line":26,"column":55},"end":{"line":26,"column":67}}],"line":26},"4":{"loc":{"start":{"line":32,"column":34},"end":{"line":32,"column":87}},"type":"cond-expr","locations":[{"start":{"line":32,"column":70},"end":{"line":32,"column":75}},{"start":{"line":32,"column":78},"end":{"line":32,"column":87}}],"line":32}},"s":{"0":7,"1":7,"2":24,"3":1,"4":3,"5":1,"6":1,"7":2,"8":1,"9":1,"10":2,"11":1,"12":1,"13":1,"14":18},"f":{"0":24,"1":3,"2":2,"3":2},"b":{"0":[18],"1":[1,1,1,1,1,1,18],"2":[1,2],"3":[0,1],"4":[0,1]},"_coverageSchema":"332fd63041d2c1bcb487cc26dd0d5f7d97098a6c","hash":"075cbae65c7fbb98a2028b19670b4ca8885617e8"}
}
